BBLCOUNT        1.0         0
0x7fcb5f646ac0 1 5 26
0x7fcb5f646840 1 7 30
0x7fcb5f64685e 0 3 15
0x7fcb5f64686d 0 5 23
0x7fcb5f646888 1 2 8
0x7fcb5f646890 1 3 12
0x7fcb5f64689c 1 1 2
0x7fcb5f645a90 1 4 18
0x7fcb5f645aa2 1 3 16
0x7fcb5f645ab2 0 5 23
0x7fcb5f645ac7 1 1 2
0x7fcb5f645590 1 4 23
0x7fcb5f6455a7 0 5 24
0x7fcb5f6455bd 1 1 2
0x7fcb5f646970 1 5 28
0x7fcb5f64698c 1 4 14
0x7fcb5f64699a 1 4 16
0x7fcb5f6469aa 1 5 21
0x7fcb5f660400 2 8 42
0x7fcb5f645a30 2 8 42
0x7fcb5f645600 1 6 30
0x7fcb5f646bd0 1 5 25
0x7fcb5f646be9 0 3 11
0x7fcb5f646bf4 0 3 12
0x7fcb5f646c15 1 1 2
0x7fcb5f6455d0 1 4 23
0x7fcb5f6455e7 0 5 24
0x7fcb5f6455fd 1 1 2
0x7fcb5f646d10 1 5 28
0x7fcb5f646d2c 1 4 14
0x7fcb5f646d3a 1 2 9
0x7fcb5f645ad0 1 4 23
0x7fcb5f645ae7 0 5 24
0x7fcb5f645afd 1 1 2
0x7fcb5f646b80 1 5 25
0x7fcb5f646b99 0 3 11
0x7fcb5f646ba4 0 3 12
0x7fcb5f646bc5 1 1 2
0x7fcb5f645520 1 4 23
0x7fcb5f645537 0 5 24
0x7fcb5f64554d 1 1 2
0x7fcb5f645b00 1 8 42
0x7fcb5f673290 1 18 81
0x7fcb5f6732e1 0 3 13
0x7fcb5f6732ee 0 4 24
0x7fcb5f6732bf 3 10 34
0x7fcb5f6732e1 1 3 13
0x7fcb5f646950 2 5 26
0x7fcb5f6468ca 2 2 9
0x7fcb5f6732ee 1 4 24
0x7fcb5f6f2510 4 9 42
0x7fcb5f6f253a 4 12 58
0x7fcb5f6f2574 4 6 14
0x7fcb5f6f2582 4 2 7
0x7fcb5f6f2589 4 2 5
0x7fcb5f6f258e 4 6 26
0x7fcb5f6f25a8 4 2 5
0x7fcb5f673306 1 5 19
0x7fcb5f648150 1 8 42
0x7fcb5f661700 2 8 42
0x7fcb5f646a10 1 5 28
0x7fcb5f646a2c 1 4 14
0x7fcb5f646a3a 1 2 9
0x7fcb5f6468bc 2 4 14
0x7fcb5f645de0 1 6 30
0x7fcb5f646b50 1 4 23
0x7fcb5f646b67 0 5 24
0x7fcb5f646b7d 1 1 2
0x7fcb5f646b20 1 4 23
0x7fcb5f646b37 0 5 24
0x7fcb5f646b4d 1 1 2
0x7fcb5f648180 1 8 42
0x7fcb5f646c70 1 5 25
0x7fcb5f646c89 0 3 11
0x7fcb5f646c94 0 3 12
0x7fcb5f646cb5 1 1 2
0x7fcb5f673370 1 18 81
0x7fcb5f6733c1 0 3 13
0x7fcb5f6733ce 0 4 24
0x7fcb5f67339f 3 10 34
0x7fcb5f6733c1 1 3 13
0x7fcb5f6733ce 1 4 24
0x7fcb5f6733e6 1 5 19
0x7fcb5f646dc0 1 5 26
0x7fcb5f6468a0 2 5 28
0x7fcb5f662960 1 6 34
0x7fcb5f662982 0 5 24
0x7fcb5f662998 1 1 2
0x7fcb5f6617b0 2 7 36
0x7fcb5f6617d4 0 1 2
0x7fcb5f6617e0 2 6 31
0x7fcb5f645b30 1 6 30
0x7fcb5f645550 1 7 36
0x7fcb5f6611c0 1 8 42
0x7fcb5f646810 1 8 42
0x7fcb5f646c65 1 1 2
0x7fcb5f646c44 0 3 12
0x7fcb5f646c39 0 3 11
0x7fcb5f646c20 1 5 25
0x7fcb5f64ca50 1 8 42
0x7fcb5f645a00 1 8 42
0x7fcb5f645589 1 1 2
0x7fcb5f645574 0 5 23
0x400538 0 1 2
0x400528 1 4 16
0x40053a 1 2 5
0x400540 3 2 12
0x400566 1 2 10
0x400560 664579 1 6
0x400580 1 1 6
0x400586 1 2 10
0x4005a0 2 1 6
0x4005a6 1 2 10
0x4005d0 1 4 14
0x4005f6 1 3 7
0x4005de 0 4 16
0x4005ee 1 2 8
0x400600 1 11 42
0x400630 1 5 17
0x400641 0 3 10
0x40064b 0 3 8
0x400658 1 2 2
0x400660 1 10 35
0x400683 0 3 10
0x40068d 0 3 8
0x400698 1 2 2
0x4006b2 1 3 9
0x4006a0 1 2 9
0x4006a9 1 3 9
0x4006d0 1 4 7
0x4008c8 1 3 9
0x400980 1 2 5
0x400965 0 5 25
0x40095c 445 2 9
0x400940 3160 9 28
0x4008d1 445 12 39
0x4008c8 445 3 9
0x4008b8 446 4 16
0x4008ac 1 6 28
0x40088e 1 7 30
0x40087e 1 4 16
0x400844 1 12 58
0x40083b 1 2 9
0x400934 654804 2 5
0x400939 1 10 35
0x40095c 1 2 9
0x400900 9185965 3 9
0x400909 9185520 8 24
0x400921 654803 5 19
0x400921 1 5 19
0x400909 655249 8 24
0x4008fd 0 1 2
0x400820 1 10 27
0x4008f8 446 2 5
0x4008d8 23491582 11 32
0x4008d1 1 12 39
0x4009c8 1 8 15
0x400985 1 3 11
0x400999 9776 8 23
0x4009b0 0 5 19
0x400990 149457 3 9
0x400999 149456 8 23
0x4009b0 9775 5 19
0x4009c3 9775 2 5
0x4009c8 0 8 15
0x400b56 1 6 23
0x400b51 1 2 5
0x400b6d 1 3 9
0x400b76 1 8 15
0x400b20 1 15 49
0x400b94 1 3 9
0x7fcb5f5dd8f0 1329158 1 6
0x7fcb5f5dd990 11 1 6
0x7fcb5f5dda40 1 1 6
0x7fcb5f5ddad0 1329157 1 6
0x7fcb5f5ddb10 1 1 6
0x7fcb5f5ddb60 1 1 6
0x7fcb5f5ddf22 1 2 11
0x7fcb5f5ddfd3 1 3 15
0x7fcb5f5ddde6 1 5 16
0x7fcb5f5dddc3 3 4 12
0x7fcb5f5dddbb 3 2 8
0x7fcb5f5ddda6 1 9 29
0x7fcb5f5ddda0 1 2 6
0x7fcb5f5ddd9b 3 2 5
0x7fcb5f5ddde0 1 2 6
0x7fcb5f5dddd3 4 5 13
0x7fcb5f5dddcf 4 2 4
0x7fcb5f5dddc6 1 3 9
0x7fcb5f5ddd89 1 5 18
0x7fcb5f5ddd7b 1 3 14
0x7fcb5f5ddd70 1 2 11
0x7fcb5f5ddd54 1 5 28
0x7fcb5f5ddd48 1 3 12
0x7fcb5f5ddd3a 1 3 14
0x7fcb5f5ddd2d 1 3 13
0x7fcb5f5ddfc1 1 2 5
0x7fcb5f5de056 1 8 29
0x7fcb5f5de04c 1 3 10
0x7fcb5f5de042 1 2 10
0x7fcb5f5ddf79 0 3 11
0x7fcb5f5ddf71 0 3 8
0x7fcb5f5ddf65 1 2 12
0x7fcb5f5ddf79 1 3 11
0x7fcb5f5ddfc6 1 3 13
0x7fcb5f5ddf71 2 3 8
0x7fcb5f5ddfa4 1 9 29
0x7fcb5f5ddf9e 1 2 6
0x7fcb5f5ddf96 2 2 8
0x7fcb5f5ddf92 2 2 4
0x7fcb5f5ddf84 2 3 14
0x7fcb5f5ddf79 1 3 11
0x7fcb5f5ddf74 1 2 5
0x7fcb5f5ddf5a 1 4 11
0x7fcb5f5ddf4e 0 8 23
0x7fcb5f5ddf2d 1 10 33
0x7fcb5f5ddd1a 1 4 19
0x7fcb5f5dde19 1 2 5
0x7fcb5f5dde1e 1 2 4
0x7fcb5f5ddce3 1 15 46
0x7fcb5f5ddcab 1 12 56
0x7fcb5f5ddc5c 0 2 9
0x7fcb5f5ddc53 0 2 9
0x7fcb5f5ddc20 1 13 51
0x7fcb5f5ddca6 1 2 5
0x7fcb5f5ddca3 0 3 8
0x7fcb5f5ddc73 1 11 48
0x7fcb5f5ddc6e 1 2 5
0x7fcb5f5dde56 0 1 5
0x7fcb5f5dde4d 1 2 9
0x7fcb5f5dde22 1 7 18
0x7fcb5f5de0f2 0 3 10
0x7fcb5f5de196 1 2 5
0x7fcb5f5de0d0 1 11 34
0x7fcb5f5de0fc 0 22 110
0x7fcb5f5de200 1 6 37
0x7fcb5f5de1c5 1 7 33
0x7fcb5f5de1eb 1 6 11
0x7fcb5f5de1a2 1 6 35
0x7fcb5f5de1e6 1 1 5
0x7fcb5f5de225 0 1 5
0x7fcb5f5de106 1 21 100
0x7fcb5f5de16a 0 3 17
0x7fcb5f5de17b 0 5 27
0x7fcb5f5de148 3 10 34
0x7fcb5f5de16a 1 3 17
0x7fcb5f5de17b 1 5 27
0x7fcb5f5de19b 0 7 42
0x7fcb5f5de2af 1 4 18
0x7fcb5f5de260 1 13 44
0x7fcb5f5de28c 0 8 23
0x7fcb5f5de2a3 0 4 12
0x7fcb5f5de295 1 4 14
0x7fcb5f5de2a3 1 4 12
0x7fcb5f5de2c1 1 2 5
0x7fcb5f5de2c6 1 5 21
0x7fcb5f5de2db 1 4 21
0x7fcb5f5de2f0 1 2 8
0x7fcb5f5de2f8 1 2 10
0x7fcb5f5de34a 1 2 7
0x7fcb5f5de306 1 12 68
0x7fcb5f5de302 1 2 4
0x7fcb5f5ec070 1 16 80
0x7fcb5f5f31a0 1 19 88
0x7fcb5f5f3200 1 4 8
0x7fcb5f5f3208 0 4 13
0x7fcb5f5f321d 1 4 7
0x7fcb5f5f3240 1 2 7
0x7fcb5f5f60db 1 3 9
0x7fcb5f5f60e4 1 2 7
0x7fcb5f5f6054 1 7 25
0x7fcb5f5f604b 1 3 9
0x7fcb5f5f606d 1 5 21
0x7fcb5f5f6082 1 2 10
0x7fcb5f5f608c 0 2 6
0x7fcb5f5f6092 0 3 9
0x7fcb5f5f6118 1 8 32
0x7fcb5f5f6138 1 1 5
0x7fcb5f5f6058 1 6 21
0x7fcb5f5f606d 0 5 21
0x7fcb5f5f6082 0 2 10
0x7fcb5f5f609b 1 4 17
0x7fcb5f5f60ac 1 2 5
0x7fcb5f5f60b1 1 4 19
0x7fcb5f5f60c4 1 6 23
0x7fcb5f5f6046 1 1 5
0x7fcb5f5f6030 1 10 22
0x7fcb5f5f6170 1 5 26
0x7fcb5f5f6340 1 3 17
0x7fcb5f5f62ca 1 4 24
0x7fcb5f5f629e 0 2 5
0x7fcb5f5f6287 1 5 23
0x7fcb5f5f62e2 0 2 9
0x7fcb5f5f62eb 0 1 2
0x7fcb5f5f62ed 1 2 8
0x7fcb5f5f62f5 0 3 19
0x7fcb5f5f630f 1 5 10
0x7fcb5f5f6249 0 5 19
0x7fcb5f5f6239 1 4 16
0x7fcb5f5f6228 1 5 17
0x7fcb5f5f620e 0 3 19
0x7fcb5f5f6205 1 2 9
0x7fcb5f5f6203 0 1 2
0x7fcb5f5f61f9 0 2 10
0x7fcb5f5f61e0 1 8 25
0x7fcb5f5f63c0 1 8 25
0x7fcb5f5f63d9 1 2 5
0x7fcb5f5f63de 1 12 42
0x7fcb5f5f6680 1 7 23
0x7fcb5f5f6697 0 8 40
0x7fcb5f5f66de 1 4 7
0x7fcb5f608e80 664579 6 25
0x7fcb5f608e99 0 2 5
0x7fcb5f608e9e 0 3 7
0x7fcb5f608f10 664579 14 55
0x7fcb5f608f47 4 2 4
0x7fcb5f608f47 664575 2 4
0x7fcb5f608f20 3897958 12 39
0x7fcb5f60c7f8 664579 8 41
0x7fcb5f60d780 664579 2 16
0x7fcb5f60c7e7 0 11 58
0x7fcb5f60c7e1 0 1 6
0x7fcb5f60c7d8 664579 2 9
0x7fcb5f60cea0 664579 10 52
0x7fcb5f60ce97 664579 2 9
0x7fcb5f60ce8a 664579 3 13
0x7fcb5f60cfc0 664579 2 15
0x7fcb5f60cdeb 664579 11 49
0x7fcb5f60d0a8 664579 8 43
0x7fcb5f60d0d3 664579 11 48
0x7fcb5f60c821 664579 5 26
0x7fcb5f60c83b 664579 3 10
0x7fcb5f60c845 0 6 36
0x7fcb5f60c877 664579 2 9
0x7fcb5f60c880 664579 3 10
0x7fcb5f60c88a 0 5 29
0x7fcb5f60c8b5 664579 4 27
0x7fcb5f60c8d0 664579 2 14
0x7fcb5f60c8de 664579 2 13
0x7fcb5f60d85a 664579 8 38
0x7fcb5f60d880 664579 6 25
0x7fcb5f60d2b2 664579 2 9
0x7fcb5f60bc6c 1 7 38
0x7fcb5f60be03 664579 8 15
0x7fcb5f60bded 664579 4 22
0x7fcb5f60bc92 664579 5 37
0x7fcb5f60bcb7 664579 4 20
0x7fcb5f60bccb 0 7 39
0x7fcb5f60d250 664579 4 26
0x7fcb5f60bcfb 664579 4 22
0x7fcb5f60bd11 664579 4 16
0x7fcb5f60bd21 0 2 6
0x7fcb5f60bd29 664579 2 5
0x7fcb5f60bd2e 0 3 15
0x7fcb5f60bd44 664579 13 64
0x7fcb5f60bd84 664579 6 23
0x7fcb5f60bc5a 1 4 18
0x7fcb5f60bc51 1 2 9
0x7fcb5f60bc3a 1 4 23
0x7fcb5f60bbf0 664579 20 74
0x7fcb5f60bd9b 664579 2 9
0x7fcb5f60bda4 0 3 15
0x7fcb5f60bdb3 0 3 17
0x7fcb5f60be30 664579 2 13
0x7fcb5f60be3d 664579 3 16
0x7fcb5f60be4d 664579 2 14
0x7fcb5f60be5b 664579 2 14
0x7fcb5f60be69 664579 3 24
0x7fcb5f60be81 664579 12 78
0x7fcb5f60becf 664579 28 176
0x7fcb5f60cdc0 664579 8 43
0x7fcb5f60bfd2 664579 1 5
0x7fcb5f60bfbc 0 3 15
0x7fcb5f60bfb8 664579 2 4
0x7fcb5f60bfb6 0 1 2
0x7fcb5f60bfb1 0 2 5
0x7fcb5f60bfa0 664579 3 17
0x7fcb5f60bdc4 0 3 10
0x7fcb5f60bdb3 664579 3 17
0x7fcb5f60bdaa 664579 2 9
0x7fcb5f60c219 664579 1 5
0x7fcb5f60c20d 664579 3 12
0x7fcb5f60c1fa 664579 5 19
0x7fcb5f60c1e4 664579 5 22
0x7fcb5f60be18 664578 2 9
0x7fcb5f60be21 0 2 8
0x7fcb5f60bc44 664578 3 13
0x7fcb5f60bc51 664578 2 9
0x7fcb5f60bc5a 664578 4 18
0x7fcb5f60bc6c 664578 7 38
0x7fcb5f60d3df 664578 3 16
0x7fcb5f60d3ef 664578 5 19
0x7fcb5f60d402 664578 2 12
0x7fcb5f60c1d5 664579 5 15
0x7fcb5f60c1b4 664579 6 33
0x7fcb5f60c1a4 664579 3 16
0x7fcb5f60c185 664579 6 31
0x7fcb5f60c170 664579 3 21
0x7fcb5f60d402 1 2 12
0x7fcb5f60d3ef 1 5 19
0x7fcb5f60d3df 1 3 16
0x7fcb5f60d2bb 0 8 37
0x7fcb5f60d2e0 0 3 17
0x7fcb5f60d2cb 664579 4 21
0x7fcb5f60d2e0 0 3 17
0x7fcb5f60d2f1 0 2 9
0x7fcb5f60d600 664579 2 13
0x7fcb5f60d60d 0 3 14
0x7fcb5f60d61b 0 3 14
0x7fcb5f60d7b0 664579 2 9
0x7fcb5f60d7b9 664579 2 8
0x7fcb5f60d2f1 664579 2 9
0x7fcb5f60d2fa 0 3 14
0x7fcb5f60d308 0 5 24
0x7fcb5f60d60d 664579 3 14
0x7fcb5f60d61b 0 3 14
0x7fcb5f60d629 0 4 16
0x7fcb5f60d8de 664579 3 14
0x7fcb5f60d8ec 0 3 14
0x7fcb5f60d8fa 0 4 16
0x7fcb5f60d324 664579 2 10
0x7fcb5f60d32e 664579 2 9
0x7fcb5f60d337 0 3 10
0x7fcb5f60d391 664579 3 12
0x7fcb5f60d39d 664579 2 9
0x7fcb5f60d3a6 664579 6 33
0x7fcb5f60d3c7 664579 5 24
0x7fcb5f60bdce 0 6 31
0x7fcb5f60bdc4 664579 3 10
0x7fcb5f61496b 664579 14 75
0x7fcb5f614934 0 22 130
0x7fcb5f614910 1 8 36
0x7fcb5f614910 664578 8 36
0x7fcb5f614934 0 22 130
0x7fcb5f6149c6 664579 2 8
0x7fcb5f6149b6 664579 3 16
0x7fcb5f62c016 1 5 12
0x7fcb5f62bffa 1 4 28
0x7fcb5f62bfe9 1 4 17
0x7fcb5f62bfdc 1 4 13
0x7fcb5f62bfd4 1 2 8
0x7fcb5f62bfc3 1 4 17
0x7fcb5f62c057 1 2 12
0x7fcb5f62c030 1 10 39
0x7fcb5f62bfc3 0 4 17
0x7fcb5f62bfb3 1 4 16
0x7fcb5f62bfaf 1 2 4
0x7fcb5f62bfa3 1 3 12
0x7fcb5f62bf7c 1 8 39
0x7fcb5f62bf50 1 11 44
0x7fcb5f6377b5 1 6 20
0x7fcb5f637799 0 3 14
0x7fcb5f637776 0 8 35
0x7fcb5f63776c 1 3 10
0x7fcb5f637744 0 6 27
0x7fcb5f637736 0 3 14
0x7fcb5f637720 1 8 22
0x7fcb5f6378c9 1 2 5
0x7fcb5f6378ce 1 10 33
0x7fcb5f6378c0 1 3 9
0x7fcb5f6379ed 664579 10 22
0x7fcb5f637a58 0 1 2
0x7fcb5f637a50 664579 2 8
0x7fcb5f6379c7 664579 9 34
0x7fcb5f6379be 664579 2 9
0x7fcb5f6379af 664579 4 15
0x7fcb5f6379a1 664579 4 14
0x7fcb5f637998 664579 2 9
0x7fcb5f637a1a 0 4 19
0x7fcb5f637a15 0 2 5
0x7fcb5f637a08 664579 4 13
0x7fcb5f6379a1 0 4 14
0x7fcb5f63798d 0 3 20
0x7fcb5f637950 664579 18 61
0x7fcb5f638690 1 4 16
0x7fcb5f6386a0 664579 8 20
0x7fcb5f6386b4 664579 5 17
0x7fcb5f6386dd 664579 5 17
0x7fcb5f6386ee 0 2 5
0x7fcb5f6386c8 664579 1 5
0x7fcb5f6386cd 664579 2 5
0x7fcb5f6386d2 664579 4 11
0x7fcb5f6386dd 0 5 17
0x7fcb5f638740 664579 3 8
0x7fcb5f63871a 664579 3 12
0x7fcb5f638726 0 8 19
0x7fcb5f638730 664579 6 9
0x7fcb5f638d64 1329157 3 9
0x7fcb5f638d6d 664578 11 24
0x7fcb5f638d8b 664579 8 39
0x7fcb5f638db2 664579 3 13
0x7fcb5f638eac 0 3 14
0x7fcb5f638ea0 664579 4 12
0x7fcb5f638e3f 664579 1 2
0x7fcb5f638e35 1329157 3 10
0x7fcb5f638e28 1329157 3 13
0x7fcb5f638e18 1329157 4 16
0x7fcb5f638e09 1 3 11
0x7fcb5f638df9 1 4 16
0x7fcb5f638ded 664580 3 12
0x7fcb5f638dd9 664580 6 20
0x7fcb5f638dc8 664580 5 17
0x7fcb5f638dbf 664580 2 9
0x7fcb5f638e51 3897958 2 5
0x7fcb5f638e56 664575 1 5
0x7fcb5f638ed0 664579 2 11
0x7fcb5f638d49 664579 8 27
0x7fcb5f638e48 3897958 3 9
0x7fcb5f638d46 664578 9 30
0x7fcb5f638e56 3 1 5
0x7fcb5f638e51 664578 2 5
0x7fcb5f638d00 1993737 10 22
0x7fcb5f638d16 1329158 8 31
0x7fcb5f638d35 1 3 9
0x7fcb5f638d73 1329159 9 18
0x7fcb5f638d88 1 9 42
0x7fcb5f638db2 1 3 13
0x7fcb5f6398b0 664579 3 9
0x7fcb5f6398a5 1 2 3
0x7fcb5f6398a0 664580 2 5
0x7fcb5f6398b9 664579 6 13
0x7fcb5f639c36 1 3 13
0x7fcb5f639c7c 1 3 13
0x7fcb5f639c89 1 7 19
0x7fcb5f639c43 1 12 45
0x7fcb5f639c70 1 2 12
0x7fcb5f639c2d 1 2 9
0x7fcb5f639d48 1 6 23
0x7fcb5f639bd6 664580 3 13
0x7fcb5f639be3 1 2 10
0x7fcb5f639bed 1 6 21
0x7fcb5f639c02 1 2 5
0x7fcb5f639c07 1 2 9
0x7fcb5f639c10 1 5 9
0x7fcb5f639c89 664579 7 19
0x7fcb5f639bb0 664581 3 11
0x7fcb5f639bbb 664581 8 18
0x7fcb5f639bcd 664580 2 9
0x7fcb5f639c20 1 2 9
0x7fcb5f639c29 0 3 13
0x7fcb5f639c36 0 3 13
0x7fcb5f639d40 1 2 8
0x7fcb5f639eed 3 7 34
0x7fcb5f63a0cb 1 8 15
0x7fcb5f63a0b9 1 4 18
0x7fcb5f639f0f 0 4 17
0x7fcb5f63a02a 3 3 14
0x7fcb5f63a038 3 1 5
0x7fcb5f63a09c 0 6 29
0x7fcb5f63a094 1 3 8
0x7fcb5f63a07a 0 3 19
0x7fcb5f63a072 1 2 8
0x7fcb5f63a067 0 2 9
0x7fcb5f63a053 1 3 20
0x7fcb5f639f4c 3 2 9
0x7fcb5f639f55 3 3 13
0x7fcb5f639fac 2 5 23
0x7fcb5f639fc3 0 2 8
0x7fcb5f63a040 1 5 19
0x7fcb5f639dc0 1 15 50
0x7fcb5f639df2 0 7 36
0x7fcb5f63a108 1 4 26
0x7fcb5f639e16 1 3 18
0x7fcb5f639e28 1 4 16
0x7fcb5f639e38 0 2 10
0x7fcb5f639e44 1 2 9
0x7fcb5f639e4d 0 3 19
0x7fcb5f639e67 1 8 40
0x7fcb5f639e8f 1 5 31
0x7fcb5f639fac 1 5 23
0x7fcb5f639fc3 0 2 8
0x7fcb5f639ee2 3 3 11
0x7fcb5f639ece 3 3 14
0x7fcb5f639eb4 3 4 26
0x7fcb5f639eb0 3 2 4
0x7fcb5f639fcb 0 3 13
0x7fcb5f639f62 3 3 17
0x7fcb5f639f7a 3 2 4
0x7fcb5f639f7e 0 3 15
0x7fcb5f639f94 3 4 24
0x7fcb5f63a2da 2 3 13
0x7fcb5f63a2e7 2 3 17
0x7fcb5f63a2ff 3 2 4
0x7fcb5f63a303 0 3 15
0x7fcb5f63a319 3 4 24
0x7fcb5f63a331 1 5 19
0x7fcb5f63a344 1 3 20
0x7fcb5f63a220 2 5 22
0x7fcb5f63a2cb 2 3 15
0x7fcb5f63a27f 2 3 10
0x7fcb5f63a266 3 6 25
0x7fcb5f63a25b 3 3 11
0x7fcb5f63a255 0 2 6
0x7fcb5f63a247 1 3 14
0x7fcb5f63a236 1 3 17
0x7fcb5f63a206 1 9 48
0x7fcb5f63a1e0 1 7 38
0x7fcb5f63a1c6 0 3 19
0x7fcb5f63a1bd 1 2 9
0x7fcb5f63a1b1 0 2 10
0x7fcb5f63a385 1 2 5
0x7fcb5f63a36b 0 3 19
0x7fcb5f63a363 1 2 8
0x7fcb5f63a2fd 0 1 2
0x7fcb5f63a2f8 0 2 5
0x7fcb5f63a2e7 1 3 17
0x7fcb5f63a2da 1 3 13
0x7fcb5f63a2c9 1 4 17
0x7fcb5f63a2bb 1 3 14
0x7fcb5f63a38a 0 6 29
0x7fcb5f63a3a7 1 4 23
0x7fcb5f63a3be 1 8 15
0x7fcb5f63a130 1 12 40
0x7fcb5f63a2b1 1 4 10
0x7fcb5f63a29b 1 5 22
0x7fcb5f63a420 1 8 42
0x7fcb5f63a29b 0 5 22
0x7fcb5f63a292 1 2 9
0x7fcb5f63a289 1 2 9
0x7fcb5f63a247 2 3 14
0x7fcb5f63a236 2 3 17
0x7fcb5f63a1a1 1 4 16
0x7fcb5f63a18f 1 3 18
0x7fcb5f63a450 1 4 26
0x7fcb5f63a16b 0 7 36
0x7fcb5f63a158 1 4 19
0x7fcb5f63b0b0 1 7 19
0x7fcb5f63b0c7 0 11 29
0x7fcb5f63b0c3 0 2 4
0x7fcb5f63b0c7 1 11 29
0x7fcb5f63b18e 0 6 25
0x7fcb5f63b189 1 2 5
0x7fcb5f63b1a7 0 2 4
0x7fcb5f63b152 1 4 5
0x7fcb5f63b110 1 2 7
0x7fcb5f63b117 0 1 2
0x7fcb5f63b120 1 7 13
0x7fcb5f63b12d 0 3 10
0x7fcb5f63b137 0 10 32
0x7fcb5f63b160 1 8 35
0x7fcb5f63b183 1 2 6
0x7fcb5f63b2f3 1 9 18
0x7fcb5f63b2bd 0 5 16
0x7fcb5f63b2a9 1 6 20
0x7fcb5f63b2a4 1 2 5
0x7fcb5f63b230 1 2 9
0x7fcb5f63b239 1 15 45
0x7fcb5f63b2b0 1 4 13
0x7fcb5f63b297 1 4 13
0x7fcb5f63b281 1 5 22
0x7fcb5f63b27c 2 2 5
0x7fcb5f63b2cd 0 4 15
0x7fcb5f63b2bd 0 5 16
0x7fcb5f63b4cb 1 5 13
0x7fcb5f63b4d8 0 2 5
0x7fcb5f63b540 1 6 24
0x7fcb5f63b558 1 2 4
0x7fcb5f63b55c 1 5 15
0x7fcb5f63b4ff 1 13 62
0x7fcb5f63b4ba 1 2 8
0x7fcb5f63b480 1 16 58
0x7fcb5f63b4c2 1 2 9
0x7fcb5f63c920 1 9 33
0x7fcb5f63c941 0 4 15
0x7fcb5f63c950 0 5 14
0x7fcb5f63c930 126 5 17
0x7fcb5f63c941 1 4 15
0x7fcb5f63c950 0 5 14
0x7fcb5f63c95e 1 5 22
0x7fcb5f63d668 1 1 5
0x7fcb5f63d3da 0 10 36
0x7fcb5f63d3b0 1 2 14
0x7fcb5f63d3be 0 10 28
0x7fcb5f63d97c 1 4 20
0x7fcb5f63d96f 1 3 13
0x7fcb5f63d955 0 3 19
0x7fcb5f63d94c 1 2 9
0x7fcb5f63d94a 0 1 2
0x7fcb5f63d940 0 2 10
0x7fcb5f63d91e 1 7 34
0x7fcb5f63daed 1 1 5
0x7fcb5f63dade 1 3 15
0x7fcb5f63dad6 1 2 8
0x7fcb5f63dac0 1 5 22
0x7fcb5f63d8e0 1 8 45
0x7fcb5f63d90d 0 10 51
0x7fcb5f63dab9 1 3 6
0x7fcb5f63da9f 1 4 26
0x7fcb5f63da9d 0 1 2
0x7fcb5f63da8e 1 4 15
0x7fcb5f63da74 0 3 19
0x7fcb5f63da6c 1 2 8
0x7fcb5f63da6a 0 1 2
0x7fcb5f63da61 0 2 9
0x7fcb5f63da58 1 2 9
0x7fcb5f63da44 1 4 20
0x7fcb5f63da30 1 4 20
0x7fcb5f63da1c 1 4 20
0x7fcb5f63da08 1 4 20
0x7fcb5f63d9f4 1 4 20
0x7fcb5f63d9e0 1 4 20
0x7fcb5f63d9cc 1 4 20
0x7fcb5f63d9b8 1 4 20
0x7fcb5f63d9a4 1 4 20
0x7fcb5f63d990 1 4 20
0x7fcb5f63d940 0 2 10
0x7fcb5f63fcb8 1 2 5
0x7fcb5f63fcbd 0 7 28
0x7fcb5f63f9d5 1 6 24
0x7fcb5f63fcd9 0 13 49
0x7fcb5f63feef 1 7 27
0x7fcb5f63f829 0 2 10
0x7fcb5f63fc8a 0 4 24
0x7fcb5f63fc85 1 2 5
0x7fcb5f63fc80 1 2 5
0x7fcb5f63fb9e 0 2 9
0x7fcb5f63fb95 0 2 9
0x7fcb5f63fb88 1 2 13
0x7fcb5f63fa37 0 5 23
0x7fcb5f63fa2f 0 2 8
0x7fcb5f63fa15 1 5 26
0x7fcb5f63fc70 1 2 12
0x7fcb5f63fa07 1 2 14
0x7fcb5f63f9ed 1 6 26
0x7fcb5f63f812 1 6 23
0x7fcb5f63f800 1 3 18
0x7fcb5f63fd0a 1 5 22
0x7fcb5f63fd20 1 4 19
0x7fcb5f63fd33 0 4 16
0x7fcb5f63fe00 1 4 15
0x7fcb5f63fe0f 1 2 12
0x7fcb5f63fbd5 1 9 40
0x7fcb5f63fbfd 0 9 47
0x7fcb5f63fc2c 0 4 20
0x7fcb5f63f791 1 2 9
0x7fcb5f63f79a 1 5 24
0x7fcb5f63f7b2 1 23 72
0x7fcb5f63ff0a 1 2 10
0x7fcb5f63ff14 0 1 5
0x7fcb5f63f903 1 3 13
0x7fcb5f63f910 1 10 44
0x7fcb5f63f93c 1 2 10
0x7fcb5f63f946 1 6 31
0x7fcb5f63f965 1 2 15
0x7fcb5f63f974 0 1 2
0x7fcb5f63f7e8 1 9 18
0x7fcb5f63fa70 0 12 54
0x7fcb5f63fa50 1 8 32
0x7fcb5f63f9bf 0 5 22
0x7fcb5f63f9a2 0 7 29
0x7fcb5f63f980 1 7 34
0x7fcb5f63f71e 0 6 25
0x7fcb5f63f70e 1 3 16
0x7fcb5f63faa6 0 3 19
0x7fcb5f63f9bf 1 5 22
0x7fcb5f63f701 1 3 13
0x7fcb5f63f6ec 0 2 8
0x7fcb5f63f6e2 0 2 10
0x7fcb5f63f6dd 1 2 5
0x7fcb5f63f695 1 18 72
0x7fcb5f63f685 2 3 16
0x7fcb5f63f660 2 12 37
0x7fcb5f63fccd 1 3 12
0x7fcb5f63fcd9 0 13 49
0x7fcb5f63fd0a 0 5 22
0x7fcb5f63fdb0 1 3 11
0x7fcb5f63fce8 1 9 34
0x7fcb5f640b75 0 1 5
0x7fcb5f640b2e 2 18 71
0x7fcb5f64034d 4 9 18
0x7fcb5f640792 0 1 5
0x7fcb5f640784 2 3 14
0x7fcb5f640778 2 3 12
0x7fcb5f640441 0 1 5
0x7fcb5f64043d 0 2 4
0x7fcb5f640410 4 12 45
0x7fcb5f640406 0 2 10
0x7fcb5f6403ea 2 8 28
0x7fcb5f6403e1 4 2 9
0x7fcb5f640046 0 2 9
0x7fcb5f640027 2 7 31
0x7fcb5f64001a 4 2 13
0x7fcb5f640764 2 4 20
0x7fcb5f6408bb 0 2 8
0x7fcb5f6408ac 1 3 15
0x7fcb5f640893 3 6 25
0x7fcb5f64088b 6 3 8
0x7fcb5f640878 6 4 19
0x7fcb5f63ffab 1 6 22
0x7fcb5f63ff9b 4 4 16
0x7fcb5f63ff50 4 10 28
0x7fcb5f63ff6c 4 5 20
0x7fcb5f63ff80 4 2 8
0x7fcb5f63ff88 4 5 19
0x7fcb5f6401e9 2 14 58
0x7fcb5f6401ca 2 6 31
0x7fcb5f6401c0 2 2 10
0x7fcb5f640845 1 4 18
0x7fcb5f6401ac 1 3 15
0x7fcb5f6401a2 1 3 10
0x7fcb5f640120 2 33 130
0x7fcb5f64099e 0 1 5
0x7fcb5f640995 4 2 9
0x7fcb5f640237 0 2 13
0x7fcb5f640223 0 4 20
0x7fcb5f6401fe 1 10 37
0x7fcb5f640820 1 2 14
0x7fcb5f640223 0 4 20
0x7fcb5f6408ac 1 3 15
0x7fcb5f64088b 4 3 8
0x7fcb5f640893 1 6 25
0x7fcb5f6401e9 1 14 58
0x7fcb5f6405c0 2 17 90
0x7fcb5f6401ca 2 6 31
0x7fcb5f640fdb 1 2 9
0x7fcb5f640fc2 1 3 13
0x7fcb5f640fac 0 3 15
0x7fcb5f640fa7 1 2 5
0x7fcb5f640f91 1 3 14
0x7fcb5f640f85 1 3 12
0x7fcb5f640f70 1 5 21
0x7fcb5f640feb 1 2 4
0x7fcb5f640fef 0 3 15
0x7fcb5f641005 1 2 5
0x7fcb5f64100a 1 11 54
0x7fcb5f64103d 1 1 3
0x7fcb5f64103d 69 1 3
0x7fcb5f641040 1 2 2
0x7fcb5f640fcf 1 3 12
0x7fcb5f640fe4 0 2 5
0x7fcb5f642029 2 2 9
0x7fcb5f64201a 2 3 15
0x7fcb5f642012 3 3 8
0x7fcb5f64200d 3 2 5
0x7fcb5f641ff7 0 3 15
0x7fcb5f641ff3 3 2 4
0x7fcb5f641fec 0 2 5
0x7fcb5f641fe3 3 2 9
0x7fcb5f641fd7 3 3 12
0x7fcb5f641fcc 3 3 11
0x7fcb5f641fb6 0 3 15
0x7fcb5f641fb1 3 2 5
0x7fcb5f641f9b 2 3 14
0x7fcb5f641f8f 2 3 12
0x7fcb5f641f7b 2 4 20
0x7fcb5f6420fa 1 3 18
0x7fcb5f6420ed 1 3 13
0x7fcb5f6420db 1 3 18
0x7fcb5f641f10 1 7 25
0x7fcb5f641f29 1 3 14
0x7fcb5f641f37 0 4 16
0x7fcb5f641f6e 2 2 13
0x7fcb5f641f7b 1 4 20
0x7fcb5f641f8f 1 3 12
0x7fcb5f641f9b 1 3 14
0x7fcb5f64210c 0 5 14
0x7fcb5f642100 1 2 12
0x7fcb5f641f37 0 4 16
0x7fcb5f641f29 1 3 14
0x7fcb5f642138 1 5 13
0x7fcb5f641f37 0 4 16
0x7fcb5f641f29 0 3 14
0x7fcb5f641f10 1 7 25
0x7fcb5f641fa9 0 2 6
0x7fcb5f641faf 0 1 2
0x7fcb5f641f10 1 7 25
0x7fcb5f642032 2 5 10
0x7fcb5f641f10 1 7 25
0x7fcb5f641f29 1 3 14
0x7fcb5f641f37 0 4 16
0x7fcb5f642040 3 4 16
0x7fcb5f641f3e 3 2 9
0x7fcb5f641f47 3 2 8
0x7fcb5f641f4f 3 7 31
0x7fcb5f642032 1 5 10
0x7fcb5f6420d1 1 2 10
0x7fcb5f6420c0 1 3 17
0x7fcb5f6421ae 1 3 14
0x7fcb5f642180 1 5 24
0x7fcb5f642198 0 1 5
0x7fcb5f6421a0 1 3 14
0x7fcb5f6437d0 2 2 9
0x7fcb5f6437d9 2 5 18
0x7fcb5f646970 1 5 28
0x7fcb5f64698c 1 4 14
0x7fcb5f6469aa 1 5 21
0x7fcb5f64699a 1 4 16
0x7fcb5f65ffb3 15 2 5
0x7fcb5f65ff8d 0 2 6
0x7fcb5f65ff88 0 2 5
0x7fcb5f65ff83 9 2 5
0x7fcb5f65ff78 9 2 11
0x7fcb5f65ff6f 9 3 9
0x7fcb5f65ff64 12 3 11
0x7fcb5f65ffc9 60 1 2
0x7fcb5f65ffb8 60 5 17
0x7fcb5f65ffb0 66 3 8
0x7fcb5f65ffcb 6 2 6
0x7fcb5f65ffc9 12 1 2
0x7fcb5f65ffb8 12 5 17
0x7fcb5f65ffa1 12 4 12
0x7fcb5f65ff83 3 2 5
0x7fcb5f65ff78 6 2 11
0x7fcb5f65ff6f 6 3 9
0x7fcb5f65ff48 6 2 9
0x7fcb5f65ff18 6 15 48
0x7fcb5f65ff10 6 2 8
0x7fcb5f6600d1 3 15 50
0x7fcb5f660002 3 6 11
0x7fcb5f660054 0 2 5
0x7fcb5f660054 5 2 5
0x7fcb5f660059 0 2 5
0x7fcb5f66005e 0 4 10
0x7fcb5f66005e 5 4 10
0x7fcb5f660068 5 3 7
0x7fcb5f66006f 5 6 18
0x7fcb5f660081 5 2 9
0x7fcb5f66008a 2 2 9
0x7fcb5f660093 2 2 4
0x7fcb5f660097 0 3 10
0x7fcb5f66012e 3 2 9
0x7fcb5f660137 2 2 9
0x7fcb5f660140 1 1 5
0x7fcb5f66004a 2 2 5
0x7fcb5f66004f 1 2 5
0x7fcb5f65ffb8 9 5 17
0x7fcb5f65ffc9 9 1 2
0x7fcb5f65ffcb 9 2 6
0x7fcb5f660000 3 7 13
0x7fcb5f660023 3 3 9
0x7fcb5f66002c 3 3 7
0x7fcb5f660033 3 3 10
0x7fcb5f66006f 3 6 18
0x7fcb5f660081 0 2 9
0x7fcb5f66008a 0 2 9
0x7fcb5f660040 3 2 5
0x7fcb5f660045 3 2 5
0x7fcb5f66004a 2 2 5
0x7fcb5f660097 3 3 10
0x7fcb5f6600a1 0 2 5
0x7fcb5f6600a6 0 2 9
0x7fcb5f6602d0 3 8 15
0x7fcb5f6602c0 3 3 16
0x7fcb5f66025a 0 7 31
0x7fcb5f660190 3 13 48
0x7fcb5f6601c0 3 8 38
0x7fcb5f6601f3 3 2 7
0x7fcb5f6601fa 3 5 16
0x7fcb5f660238 3 7 29
0x7fcb5f66022f 3 2 9
0x7fcb5f66020a 3 9 37
0x7fcb5f660255 3 2 5
0x7fcb5f683990 1 3 8
0x7fcb5f683960 1 5 23
0x7fcb5f6a6a10 1 2 5
0x7fcb5f6a6a15 1 4 13
0x7fcb5f6a6a22 1 2 8
0x7fcb5f6a6a2a 1 1 2
0x7fcb5f6a7244 664579 2 8
0x7fcb5f6a723d 664579 2 7
0x7fcb5f6a7230 664579 4 13
0x7fcb5f6a724c 664579 1 2
0x7fcb5f6ac9c5 2 1 2
0x7fcb5f6ac9b4 2 5 17
0x7fcb5f6ac9a9 2 3 11
0x7fcb5f6ac9a0 2 3 9
0x7fcb5f6aca31 1 2 7
0x7fcb5f6aca10 2 8 23
0x7fcb5f6aca27 1 3 10
0x7fcb5f6aca31 0 2 7
0x7fcb5f6aca38 1 2 4
0x7fcb5f6aca3c 1 3 10
0x7fcb5f6aca46 1 1 2
0x7fcb5f6aca48 1 5 13
0x7fcb5f6aca55 0 8 29
0x7fcb5f6aca78 1 2 9
0x7fcb5f6aca81 1 2 4
0x7fcb5f6aca85 1 5 8
0x7fcb5f6aca40 1 2 6
0x7fcb5f6aca46 0 1 2
0x7fcb5f6aca48 0 5 13
0x7fcb5f6aca6a 1 5 8
0x7fcb5f6b0980 1 2 9
0x7fcb5f6b09c3 1 2 12
0x7fcb5f6b0989 1 14 33
0x7fcb5f6b09aa 0 8 25
0x7fcb5f6b0a00 1 2 5
0x7fcb5f6b0a05 0 3 16
0x7fcb5f6b0a15 0 9 27
0x7fcb5f6b09aa 1 8 25
0x7fcb5f6b09cf 1 7 11
0x7fcb5f6b5da3 1 4 16
0x7fcb5f6b5d95 1 6 14
0x7fcb5f6b5d90 1 2 5
0x7fcb5f6b5db3 1 2 5
0x7fcb5f6b5db8 1 10 34
0x7fcb5f6f16a6 2259 4 15
0x7fcb5f6f17b3 2259 1 5
0x7fcb5f6f17a8 2286 2 11
0x7fcb5f6f1676 911 9 41
0x7fcb5f6f166c 1010 4 10
0x7fcb5f6f1660 1011 3 12
0x7fcb5f6f169f 0 2 7
0x7fcb5f6f1676 0 9 41
0x7fcb5f6f1670 1 3 6
0x7fcb5f6f1643 1 6 23
0x7fcb5f6f1634 1 3 15
0x7fcb5f6f1603 1 10 49
0x7fcb5f6f15e4 1 7 31
0x7fcb5f6f15db 1 2 9
0x7fcb5f6f15d3 1 2 8
0x7fcb5f6f15a0 1 15 51
0x7fcb5f6f1688 1375 5 23
0x7fcb5f6f169f 0 2 7
0x7fcb5f6f16a6 0 4 15
0x7fcb5f6f16ce 615 3 13
0x7fcb5f6f16db 0 2 9
0x7fcb5f6f16e4 0 5 21
0x7fcb5f6f1779 615 3 12
0x7fcb5f6f1785 0 2 5
0x7fcb5f6f16f9 1375 2 4
0x7fcb5f6f178a 0 2 11
0x7fcb5f6f1708 1 2 5
0x7fcb5f6f170d 1 4 13
0x7fcb5f6f171a 0 3 12
0x7fcb5f6f171d 1 2 9
0x7fcb5f6f1726 0 5 26
0x7fcb5f6f1740 0 6 31
0x7fcb5f6f17c0 1 4 26
0x7fcb5f6f1751 1 2 14
0x7fcb5f6f175f 1 9 17
0x7fcb5f6f16e8 2286 4 17
0x7fcb5f6f16c4 615 2 10
0x7fcb5f6f16b5 2256 5 15
0x7fcb5f717440 1329158 7 24
0x7fcb5f717458 1329158 7 30
0x7fcb5f717476 0 4 13
0x7fcb5f7175d0 1329158 4 11
0x7fcb5f7176a0 1 12 39
0x7fcb5f7176c7 0 2 8
0x7fcb5f7176cf 0 1 2
0x7fcb5f717663 0 2 8
0x7fcb5f7176e0 1 2 8
0x7fcb5f7176e8 0 11 36
0x7fcb5f71770c 0 8 28
0x7fcb5f7177c0 1 8 22
0x7fcb5f7177d6 1 4 12
0x7fcb5f717630 1 7 23
0x7fcb5f717647 0 8 28
0x7fcb5f717d20 1329157 3 8
0x7fcb5f717da8 664582 3 6
0x7fcb5f717da6 664582 1 2
0x7fcb5f717da1 664746 2 5
0x7fcb5f717d9c 1329157 2 5
0x7fcb5f717d97 1329157 2 5
0x7fcb5f717d92 1329157 2 5
0x7fcb5f717d53 0 6 24
0x7fcb5f717d49 0 2 10
0x7fcb5f717d43 1329157 2 6
0x7fcb5f717dd4 664411 5 13
0x7fcb5f717de1 164 5 17
0x7fcb5f718190 1 5 15
0x7fcb5f71819f 1 2 4
0x7fcb5f71819d 1250007 1 2
0x7fcb5f7181d6 1 2 6
0x7fcb5f7181dc 0 4 14
0x7fcb5f7181ea 1 2 9
0x7fcb5f7181f3 0 2 9
0x7fcb5f7181fc 0 6 25
0x7fcb5f7181c0 1 5 22
0x7fcb73e91cc0 6 1 6
0x7fcb73e91cc0 12 1 6
0x7fcb73e91cd0 2 1 6
0x7fcb73e91cd0 7 1 6
0x7fcb73e91d00 2 1 6
0x7fcb73e91d20 1 5 29
0x7fcb73e91d3d 1 4 18
0x7fcb73e91d4f 1 7 36
0x7fcb73e91d73 0 5 31
0x7fcb73e91d92 1 5 17
0x7fcb73e91da3 1 2 10
0x7fcb73e91dad 0 5 17
0x7fcb73e91db8 3 2 6
0x7fcb73e91d9b 4 3 8
0x7fcb73e91da3 3 2 10
0x7fcb73e91dad 1 5 17
0x7fcb73e91dbe 1 2 5
0x7fcb73e91dc3 0 5 31
0x7fcb73e91de2 1 1 5
0x7fcb73e91de7 1 1 5
0x7fcb73e91dec 1 3 8
0x7fcb73e91df4 0 5 22
0x7fcb73e91e16 1 7 30
0x7fcb73e91e34 1 2 4
0x7fcb73e91e38 0 6 29
0x7fcb73e91e61 1 2 9
0x7fcb73e91e6c 1 3 5
0x7fcb73e91ea8 1 14 50
0x7fcb73e91eda 1 3 13
0x7fcb73e91ea0 1 2 8
0x7fcb73e91ef0 4 2 5
0x7fcb73e91ef0 1 2 5
0x7fcb73e91f00 4 2 5
0x7fcb73e91f00 1 2 5
0x7fcb73e92af0 1 6 24
0x7fcb73e92b08 1 2 4
0x7fcb73e92b0c 0 3 6
0x7fcb73e92b12 0 2 2
0x7fcb73e92b12 1 2 2
0x7fcb73e92cde 1 3 12
0x7fcb73e92cea 1 2 14
0x7fcb73e92cf8 1 3 12
0x7fcb73e92d04 1 2 14
0x7fcb73e92d12 1 2 14
0x7fcb73e92d20 1 2 14
0x7fcb73e92d2e 1 2 9
0x7fcb73e92d37 0 2 14
0x7fcb73e92df0 1 2 9
0x7fcb73e92df9 1 9 37
0x7fcb73e92e1e 1 5 17
0x7fcb73e92e2f 1 15 61
0x7fcb73e92e6c 1 5 20
0x7fcb73e92e80 1 6 19
0x7fcb73e92e70 32 4 16
0x7fcb73e92bdf 1 4 12
0x7fcb73e92e80 32 6 19
0x7fcb73e92e93 1 2 14
0x7fcb73e92ea1 1 4 23
0x7fcb73e92eb8 1 11 46
0x7fcb73e92fd0 1 3 12
0x7fcb73e92bd0 5 8 27
0x7fcb73e92beb 4 2 6
0x7fcb73e92bf1 3 4 12
0x7fcb73e92fc0 1 4 16
0x7fcb73e92c20 1 2 9
0x7fcb73e92c29 1 3 12
0x7fcb73e92c35 1 4 16
0x7fcb73e92c45 1 4 16
0x7fcb73e92c55 1 4 16
0x7fcb73e92c65 1 4 16
0x7fcb73e92c75 1 4 16
0x7fcb73e92bf1 0 4 12
0x7fcb73e92beb 1 2 6
0x7fcb73e92dde 1 9 18
0x7fcb73e92db8 1 9 38
0x7fcb73e92c85 1 4 16
0x7fcb73e92c95 1 4 16
0x7fcb73e92ca5 1 4 16
0x7fcb73e92cb5 1 2 11
0x7fcb73e92cc0 1 3 12
0x7fcb73e92ccc 1 3 18
0x7fcb73e92f40 0 3 12
0x7fcb73e92f30 1 4 16
0x7fcb73e92c20 0 2 9
0x7fcb73e92c0b 0 7 21
0x7fcb73e92bfd 1 4 14
0x7fcb73e92bf1 3 4 12
0x7fcb73e92beb 14 2 6
0x7fcb73e92bdb 14 5 16
0x7fcb73e92bfd 0 4 14
0x7fcb73e92bf1 0 4 12
0x7fcb73e92f23 6 3 9
0x7fcb73e92f19 6 3 10
0x7fcb73e92f09 6 3 16
0x7fcb73e92eed 6 6 28
0x7fcb73e92b30 1 22 85
0x7fcb73e92b85 1 11 65
0x7fcb73e92beb 1 2 6
0x7fcb73e92ee6 1 3 7
0x7fcb73e92eed 1 6 28
0x7fcb73e92f09 1 3 16
0x7fcb73e92d45 1 3 19
0x7fcb73e92d58 1 17 96
0x7fcb73e92f19 1 3 10
0x7fcb73e92f23 1 3 9
0x7fcb73e92f80 7 3 9
0x7fcb73e92f68 7 3 13
0x7fcb73e92ee6 6 3 7
0x7fcb73e92ec0 6 10 38
0x7fcb73e92f75 1 1 5
0x7fcb73e944a5 1 5 27
0x7fcb73e93b54 1 3 12
0x7fcb73e93b60 0 4 20
0x7fcb73e93ba2 1 3 12
0x7fcb73e93b74 0 3 21
0x7fcb73e93b6a 1 2 10
0x7fcb73e93b74 0 3 21
0x7fcb73e93b89 0 3 25
0x7fcb73e93b7f 1 2 10
0x7fcb73e93b89 0 3 25
0x7fcb73e93ba2 0 3 12
0x7fcb73e93b94 1 2 14
0x7fcb73e95200 1 8 57
0x7fcb73e94c5c 1 3 16
0x7fcb73e94c1b 1 10 65
0x7fcb73e94c0f 1 3 12
0x7fcb73e93c78 0 4 16
0x7fcb73e93c42 1 9 54
0x7fcb73e93c36 1 4 12
0x7fcb73e93c29 1 3 13
0x7fcb73e93c20 1 2 9
0x7fcb73e93c08 1 4 24
0x7fcb73e93bda 1 6 46
0x7fcb73e93616 1 3 10
0x7fcb73e93620 0 2 9
0x7fcb73e93629 1 3 17
0x7fcb73e9363a 0 8 42
0x7fcb73e93664 0 6 28
0x7fcb73e939d0 1 7 28
0x7fcb73e94848 1 2 12
0x7fcb73e93bd6 1 2 4
0x7fcb73e93bae 1 8 40
0x7fcb73e9425d 1 2 11
0x7fcb73e94248 1 6 21
0x7fcb73e9423a 1 4 14
0x7fcb73e94231 1 2 9
0x7fcb73e94225 1 3 12
0x7fcb73e9454f 2 7 25
0x7fcb73e94534 1 2 11
0x7fcb73e94515 1 6 31
0x7fcb73e93aac 3 2 9
0x7fcb73e93aa3 4 2 9
0x7fcb73e93a9a 5 2 9
0x7fcb73e93acd 8 1 2
0x7fcb73e93ac2 8 3 11
0x7fcb73e93ab5 9 3 13
0x7fcb73e94496 1 4 15
0x7fcb73e93acf 0 2 12
0x7fcb73e93acd 0 1 2
0x7fcb73e93ac2 1 3 11
0x7fcb73e93a7a 1 7 32
0x7fcb73e93a30 1 11 74
0x7fcb73e93a23 1 2 13
0x7fcb73e944c0 1 3 14
0x7fcb73e93ae7 1 2 5
0x7fcb73e93adb 2 2 12
0x7fcb73e93acf 3 2 12
0x7fcb73e9453f 1 4 16
0x7fcb73e94590 0 2 13
0x7fcb73e94c0a 1 1 5
0x7fcb73e94bf3 1 4 23
0x7fcb73e9457f 1 3 17
0x7fcb73e9456f 1 4 16
0x7fcb73e9459d 1 2 12
0x7fcb73e94590 1 2 13
0x7fcb73e9457f 1 3 17
0x7fcb73e94568 1 5 23
0x7fcb73e942bb 1 3 17
0x7fcb73e942ad 1 3 14
0x7fcb73e942a2 1 3 11
0x7fcb73e94272 1 8 48
0x7fcb73e94268 1 2 10
0x7fcb73e939ec 1 3 12
0x7fcb73e939f8 1 8 43
0x7fcb73e93f7a 1 4 16
0x7fcb73e93f70 1 3 10
0x7fcb73e94fc3 1 4 23
0x7fcb73e94fb5 1 2 14
0x7fcb73e94fa8 1 2 13
0x7fcb73e9504f 0 1 5
0x7fcb73e9502a 1 9 37
0x7fcb73e93e62 2 4 13
0x7fcb73e93e59 2 2 9
0x7fcb73e93e50 3 2 9
0x7fcb73e94f32 1 1 2
0x7fcb73e93e9a 0 10 47
0x7fcb73e93e76 0 9 36
0x7fcb73e93e6f 3 3 7
0x7fcb73e94f2a 1 2 8
0x7fcb73e94f21 1 2 9
0x7fcb73e94f17 2 2 10
0x7fcb73e94fe3 0 6 22
0x7fcb73e94fda 1 2 9
0x7fcb73e93f17 3 8 27
0x7fcb73e93f07 4 4 16
0x7fcb73e93f01 11 2 6
0x7fcb73e93f3b 0 3 9
0x7fcb73e93f32 0 2 9
0x7fcb73e93f22 8 5 16
0x7fcb73e93ed5 1 8 50
0x7fcb73e93ec9 1 4 12
0x7fcb73e93e9a 1 10 47
0x7fcb73e93e76 1 9 36
0x7fcb73e93e6f 1 3 7
0x7fcb73e93e62 1 4 13
0x7fcb73e93fa8 1 2 12
0x7fcb73e93f9b 1 2 13
0x7fcb73e93f8a 1 3 17
0x7fcb73e93d38 1 3 18
0x7fcb73e93d31 1 2 7
0x7fcb73e93d26 1 2 11
0x7fcb73e93d1a 1 3 12
0x7fcb73e93cb2 0 4 13
0x7fcb73e93c88 3 8 25
0x7fcb73e94313 1 4 10
0x7fcb73e9431d 0 4 13
0x7fcb73e93ca9 0 3 9
0x7fcb73e93ca1 1 3 8
0x7fcb73e93ca9 0 3 9
0x7fcb73e9432a 1 4 16
0x7fcb73e9433a 0 4 16
0x7fcb73e94680 1 4 16
0x7fcb73e94690 1 4 16
0x7fcb73e93c95 1 4 12
0x7fcb73e93ca1 0 3 8
0x7fcb73e93e43 1 2 4
0x7fcb73e93e1e 1 8 37
0x7fcb73e93e12 1 3 12
0x7fcb73e93ca9 0 3 9
0x7fcb73e93c72 23 2 6
0x7fcb73e93c78 4 4 16
0x7fcb73e93df6 1 7 28
0x7fcb73e93de8 1 2 14
0x7fcb73e93ddb 1 2 13
0x7fcb73e93dd3 1 2 8
0x7fcb73e93dc8 0 3 19
0x7fcb73e93dbe 1 2 10
0x7fcb73e93dab 0 2 5
0x7fcb73e93d91 0 5 26
0x7fcb73e93d85 1 3 12
0x7fcb73e93d56 0 4 16
0x7fcb73e93d4a 1 3 12
0x7fcb73e941d7 1 2 8
0x7fcb73e941cc 0 3 19
0x7fcb73e941c2 1 2 10
0x7fcb73e941af 0 2 5
0x7fcb73e94196 0 5 25
0x7fcb73e9418a 1 3 12
0x7fcb73e94196 0 5 25
0x7fcb73e94183 0 4 19
0x7fcb73e9417e 1 2 5
0x7fcb73e9416b 1 3 12
0x7fcb73e9415c 1 4 15
0x7fcb73e94150 1 3 12
0x7fcb73e94150 0 3 12
0x7fcb73e9413e 0 3 18
0x7fcb73e94137 1 2 7
0x7fcb73e940fa 1 12 50
0x7fcb73e940c2 1 14 56
0x7fcb73e95239 0 1 5
0x7fcb73e94e90 1 12 52
0x7fcb73e94ec4 1 8 35
0x7fcb73e94ee7 0 3 17
0x7fcb73e94f80 1 4 20
0x7fcb73e94f94 0 1 2
0x7fcb73e94ee7 1 3 17
0x7fcb73e94ef8 0 8 31
0x7fcb73e94f17 1 2 10
0x7fcb73e94f21 0 2 9
0x7fcb73e94f2a 0 2 8
0x7fcb73e94ebb 3 2 9
0x7fcb73e94ec4 2 8 35
0x7fcb73e94ee7 2 3 17
0x7fcb73e94ef8 2 8 31
0x7fcb73e94211 1 5 20
0x7fcb73e941df 1 9 50
0x7fcb73e950e1 1 2 6
0x7fcb73e946db 1 4 16
0x7fcb73e950d2 1 3 15
0x7fcb73e950c9 1 3 9
0x7fcb73e950c0 1 2 9
0x7fcb73e94396 0 4 16
0x7fcb73e950a6 1 7 26
0x7fcb73e94386 1 4 16
0x7fcb73e94378 0 4 14
0x7fcb73e9436e 1 4 10
0x7fcb73e9507a 1 11 44
0x7fcb73e93c88 0 8 25
0x7fcb73e93c91 20 5 16
0x7fcb73e93ca1 0 3 8
0x7fcb73e95071 1 2 9
0x7fcb73e9506d 1 2 4
0x7fcb73e95059 1 3 20
0x7fcb73e940b6 1 3 12
0x7fcb73e940c2 0 14 56
0x7fcb73e9408a 0 14 56
0x7fcb73e9407e 1 3 12
0x7fcb73e94023 1 14 50
0x7fcb73e93ff1 1 14 50
0x7fcb73e93fe8 1 3 9
0x7fcb73e93ff1 0 14 50
0x7fcb73e93fbf 0 14 50
0x7fcb73e93fb6 1 3 9
0x7fcb73e950e7 1 8 15
0x7fcb73e93f44 1 9 42
0x7fcb73e93f3b 1 3 9
0x7fcb73e93f32 1 2 9
0x7fcb73e93f3b 0 3 9
0x7fcb73e93f32 0 2 9
0x7fcb73e93f26 1 4 12
0x7fcb73e946eb 1 4 16
0x7fcb73e94930 1 5 19
0x7fcb73e94948 0 1 2
0x7fcb73e94943 1 2 5
0x7fcb73e948f8 1 9 48
0x7fcb73e948ea 1 2 14
0x7fcb73e948c9 1 7 33
0x7fcb73e9487a 1 14 79
0x7fcb73e94862 1 4 24
0x7fcb73e94854 1 3 14
0x7fcb73e94ab9 1 9 36
0x7fcb73e94add 1 9 37
0x7fcb73e94b02 0 6 30
0x7fcb73e94aef 2 5 19
0x7fcb73e94b02 1 6 30
0x7fcb73e94b20 1 3 13
0x7fcb73e94b2d 1 4 24
0x7fcb73e94b45 1 3 11
0x7fcb73e94b65 1 3 7
0x7fcb73e949b5 1 1 5
0x7fcb73e9499b 1 4 26
0x7fcb73e949ba 1 4 19
0x7fcb73e949cd 1 5 23
0x7fcb73e949e4 0 5 30
0x7fcb73e949ef 1 3 19
0x7fcb73e94a02 1 3 14
0x7fcb73e94a10 1 3 17
0x7fcb73e94a21 1 4 15
0x7fcb73e94a5e 1 3 17
0x7fcb73e94a6f 1 2 8
0x7fcb73e94a77 1 5 21
0x7fcb73e94a8c 1 13 45
0x7fcb73e94983 1 4 24
0x7fcb73e94977 0 1 5
0x7fcb73e94957 1 6 32
0x7fcb73e94948 0 1 2
0x7fcb73e94943 0 2 5
0x7fcb73e93608 1 3 14
0x7fcb73e932b1 0 3 7
0x7fcb73e932aa 0 3 7
0x7fcb73e9329e 1 3 12
0x7fcb73e931f0 1 34 174
0x7fcb73e94bb6 1 11 61
0x7fcb73e95b6e 1 2 12
0x7fcb73e95727 0 2 10
0x7fcb73e9570c 1 5 27
0x7fcb73e956f4 1 4 24
0x7fcb73e956e8 0 2 5
0x7fcb73e94b6c 0 1 2
0x7fcb73e94b50 1 4 21
0x7fcb73e94b65 0 3 7
0x7fcb73e956e2 1 2 6
0x7fcb73e956cf 1 4 19
0x7fcb73e956cb 0 5 23
0x7fcb73e956c2 1 4 9
0x7fcb73e956a7 1 5 27
0x7fcb73e94b6c 0 1 2
0x7fcb73e9745e 1 2 8
0x7fcb73e9743d 1 6 33
0x7fcb73e971fd 1 2 6
0x7fcb73e97203 0 4 12
0x7fcb73e971e0 7 8 29
0x7fcb73e971fd 6 2 6
0x7fcb73e97203 5 4 12
0x7fcb73e972a0 1 2 5
0x7fcb73e972a5 1 3 9
0x7fcb73e972ae 1 4 13
0x7fcb73e972bb 1 4 13
0x7fcb73e972c8 1 4 13
0x7fcb73e972d5 1 4 13
0x7fcb73e97466 1 2 6
0x7fcb73e9746c 1 2 14
0x7fcb73e9747a 1 2 9
0x7fcb73e9748a 1 5 35
0x7fcb73e974ad 1 2 14
0x7fcb73e974bb 1 3 12
0x7fcb73e971ed 1 4 16
0x7fcb73e9759c 1 5 26
0x7fcb73e9758c 1 4 16
0x7fcb73e9757c 1 4 16
0x7fcb73e9721d 0 4 11
0x7fcb73e9720f 1 4 14
0x7fcb73e97203 3 4 12
0x7fcb73e971fd 18 2 6
0x7fcb73e973bb 0 3 16
0x7fcb73e973b1 1 2 10
0x7fcb73e976b7 1 3 19
0x7fcb73e973a8 1 2 9
0x7fcb73e973cb 0 3 11
0x7fcb73e973c6 1 2 5
0x7fcb73e973cb 0 3 11
0x7fcb73e973d6 0 3 16
0x7fcb73e973d6 1 3 16
0x7fcb73e973e6 1 7 33
0x7fcb73e97407 1 3 12
0x7fcb73e97413 1 4 21
0x7fcb73e97428 1 2 8
0x7fcb73e9738d 1 6 27
0x7fcb73e9737d 1 3 16
0x7fcb73e976ca 1 2 12
0x7fcb73e9738d 0 6 27
0x7fcb73e9737d 0 3 16
0x7fcb73e97374 1 2 9
0x7fcb73e9737d 0 3 16
0x7fcb73e9736d 0 3 16
0x7fcb73e97368 1 2 5
0x7fcb73e97352 1 4 15
0x7fcb73e97346 1 3 12
0x7fcb73e97334 1 3 18
0x7fcb73e9732d 1 2 7
0x7fcb73e97430 1 2 13
0x7fcb73e97322 1 2 11
0x7fcb73e97312 1 4 16
0x7fcb73e97302 1 4 16
0x7fcb73e972f2 1 4 16
0x7fcb73e972e2 1 4 16
0x7fcb73e96e61 1 5 32
0x7fcb73e96e81 1 7 33
0x7fcb73e96ea2 0 4 19
0x7fcb73e97050 1 10 48
0x7fcb73e97080 1 3 15
0x7fcb73e9708f 0 2 12
0x7fcb73e96ea2 1 4 19
0x7fcb73e96eb5 1 5 29
0x7fcb73e96ed2 1 4 19
0x7fcb73e96ee5 2 6 24
0x7fcb73e96efd 1 6 25
0x7fcb73e96f16 1 9 44
0x7fcb73e96f42 1 3 17
0x7fcb73e96f53 0 2 12
0x7fcb73e96eac 1 2 9
0x7fcb73e96eb5 0 5 29
0x7fcb73e96ed2 0 4 19
0x7fcb73e96cc3 1 3 19
0x7fcb73e96b97 1 8 45
0x7fcb73e96bc4 1 3 9
0x7fcb73e96bcd 1 1 2
0x7fcb73e96d00 1 3 17
0x7fcb73e96ce0 1 5 29
0x7fcb73e96bcf 0 2 9
0x7fcb73e96bcd 0 1 2
0x7fcb73e96bc4 1 3 9
0x7fcb73e96b45 1 10 46
0x7fcb73e96b0e 1 11 55
0x7fcb73e96b02 1 2 12
0x7fcb73e96ade 1 8 36
0x7fcb73e96a91 1 15 77
0x7fcb73e96a85 1 3 12
0x7fcb73e96dd0 1 4 19
0x7fcb73e96de3 1 4 22
0x7fcb73e96df9 1 18 104
0x7fcb73e96978 1 10 49
0x7fcb73e96970 1 2 8
0x7fcb73e96956 1 5 26
0x7fcb73e96910 1 18 70
0x7fcb73e96fc7 1 8 37
0x7fcb73e96fec 1 5 30
0x7fcb73e9700a 1 9 41
0x7fcb73e97033 1 3 17
0x7fcb73e97044 0 2 12
0x7fcb73e97178 1 4 20
0x7fcb73e9718c 1 5 19
0x7fcb73e9719f 1 4 16
0x7fcb73e971af 1 7 42
0x7fcb73e971fd 1 2 6
0x7fcb73e97203 0 4 12
0x7fcb73e9720f 0 4 14
0x7fcb73e971e9 18 5 20
0x7fcb73e96ec4 1 2 14
0x7fcb73e96ed2 1 4 19
0x7fcb73e96a5d 1 8 40
0x7fcb73e96ee5 0 6 24
0x7fcb73e96f90 1 12 42
0x7fcb73e96fba 1 2 13
0x7fcb73e96a54 1 2 9
0x7fcb73e96a42 1 4 18
0x7fcb73e96a35 1 2 13
0x7fcb73e96a23 1 4 18
0x7fcb73e96a18 1 2 11
0x7fcb73e969c2 2 2 9
0x7fcb73e969b9 2 2 9
0x7fcb73e969b0 3 3 9
0x7fcb73e969cb 0 3 16
0x7fcb73e969c2 1 2 9
0x7fcb73e969b9 1 2 9
0x7fcb73e969a9 0 1 2
0x7fcb73e974d5 0 7 36
0x7fcb73e974f9 0 6 23
0x7fcb73e96a02 1 9 18
0x7fcb73e96cb7 1 2 12
0x7fcb73e96c92 1 7 37
0x7fcb73e96f60 1 4 19
0x7fcb73e96c87 0 8 48
0x7fcb73e96c66 1 6 33
0x7fcb73e96c40 1 3 17
0x7fcb73e96ba0 9 7 36
0x7fcb73e96bc4 8 3 9
0x7fcb73e96bcd 8 1 2
0x7fcb73e96bcf 5 2 9
0x7fcb73e96bd8 3 2 5
0x7fcb73e96bdd 1 6 27
0x7fcb73e96c58 1 3 14
0x7fcb73e96d18 2 5 25
0x7fcb73e96d31 2 7 29
0x7fcb73e96d4e 2 20 71
0x7fcb73e96da5 1 11 42
0x7fcb73e96d95 1 15 58
0x7fcb73e974c7 1 3 14
0x7fcb73e96b8e 2 2 9
0x7fcb73e96b83 3 2 11
0x7fcb73e96b78 4 2 11
0x7fcb73e98000 1 10 41
0x7fcb73e97c93 1 10 47
0x7fcb73e97c87 1 3 12
0x7fcb73e97c77 1 4 16
0x7fcb73e97c77 0 4 16
0x7fcb73e97c6f 0 2 8
0x7fcb73e97c40 1 17 47
0x7fcb73e98029 1 3 11
0x7fcb73e97efe 1 9 18
0x7fcb73e97e86 0 1 5
0x7fcb73e97e30 1 6 26
0x7fcb73e97e82 0 2 4
0x7fcb73e97e78 1 3 10
0x7fcb73e97e53 1 10 37
0x7fcb73e97e4a 1 2 9
0x7fcb73e97d09 0 2 13
0x7fcb73e97d48 1 3 13
0x7fcb73e97d55 1 3 13
0x7fcb73e97d62 1 3 13
0x7fcb73e97d6f 1 2 7
0x7fcb73e97d76 1 4 17
0x7fcb73e97d87 1 2 10
0x7fcb73e97d91 1 2 11
0x7fcb73e97d9c 1 9 40
0x7fcb73e97dc4 1 4 16
0x7fcb73e97dd4 1 2 5
0x7fcb73e97dfc 1 2 7
0x7fcb73e97e03 0 3 10
0x7fcb73e97e0d 0 2 7
0x7fcb73e97de0 5 6 28
0x7fcb73e97dfc 5 2 7
0x7fcb73e97e03 1 3 10
0x7fcb73e97e0d 1 2 7
0x7fcb73e97e25 1 8 37
0x7fcb73e97e14 1 4 17
0x7fcb73e97cd7 1 2 10
0x7fcb73e97ce1 1 3 17
0x7fcb73e97cf2 0 3 12
0x7fcb73e97cfe 0 3 11
0x7fcb73e97fc0 1 2 13
0x7fcb73e97ccb 1 4 12
0x7fcb73e97cc2 1 2 9
0x7fcb73e97fcd 0 1 5
0x7fcb73e97cf2 1 3 12
0x7fcb73e97cfe 1 3 11
0x7fcb73e994f6 1 6 27
0x7fcb73e99500 7 4 17
0x7fcb73e994b2 1 11 68
0x7fcb73e99511 1 14 64
0x7fcb73e99551 0 6 38
0x7fcb73e99540 7 4 17
0x7fcb73e99551 1 6 38
0x7fcb73e99577 1 4 18
0x7fcb73e99595 0 7 34
0x7fcb73e99589 1 3 12
0x7fcb73e994a6 1 3 12
0x7fcb73e99470 1 11 54
0x7fcb73e99460 1 3 16
0x7fcb73e9944f 1 3 17
0x7fcb73e99420 1 12 47
0x7fcb73e995f0 1 5 30
0x7fcb73e9960e 0 7 34
0x7fcb73e99720 1 2 12
0x7fcb73e995cc 1 2 5
0x7fcb73e995d1 0 2 7
0x7fcb73e995d8 1 8 24
0x7fcb73e995d8 0 8 24
0x7fcb73e99fa2 1 13 56
0x7fcb73e99b0b 1 2 15
0x7fcb73e99b02 1 2 9
0x7fcb73e99aef 1 4 19
0x7fcb73e99ae0 1 3 15
0x7fcb73e99950 0 4 13
0x7fcb73e99947 0 2 9
0x7fcb73e9993e 1 2 9
0x7fcb73e99923 1 5 27
0x7fcb73e99915 1 3 14
0x7fcb73e998f8 1 6 29
0x7fcb73e998c7 0 4 17
0x7fcb73e99d03 1 3 8
0x7fcb73e99d0b 1 2 9
0x7fcb73e99d14 1 2 15
0x7fcb73e99d23 1 11 43
0x7fcb73e998c3 2 2 4
0x7fcb73e998a7 2 7 28
0x7fcb73e99800 2 11 34
0x7fcb73e99891 4 2 10
0x7fcb73e9988d 5 2 4
0x7fcb73e99882 2 3 11
0x7fcb73e99882 3 3 11
0x7fcb73e9986d 3 7 21
0x7fcb73e99860 4 3 13
0x7fcb73e9989b 4 3 12
0x7fcb73e99822 2 4 23
0x7fcb73e9986d 2 7 21
0x7fcb73e99839 2 8 26
0x7fcb73e999ac 1 14 53
0x7fcb73e9a041 0 6 28
0x7fcb73e9a01c 1 3 12
0x7fcb73e9a028 0 3 13
0x7fcb73e9a035 0 3 12
0x7fcb73e9a06c 1 4 15
0x7fcb73e9a07b 0 2 14
0x7fcb73e9a089 0 1 5
0x7fcb73e99bf6 0 1 2
0x7fcb73e99e28 1 2 12
0x7fcb73e99e34 1 6 23
0x7fcb73e99e4b 1 3 13
0x7fcb73e99eb6 1 2 14
0x7fcb73e99ec4 0 2 9
0x7fcb73e99ecd 0 9 46
0x7fcb73e9a1ae 1 2 9
0x7fcb73e9a1b7 0 1 5
0x7fcb73e99b69 1 3 18
0x7fcb73e99b7b 0 3 17
0x7fcb73e99b8c 0 12 49
0x7fcb73e99cd5 1 3 22
0x7fcb73e99ceb 1 3 16
0x7fcb73e99cfb 1 2 8
0x7fcb73e99bd9 1 7 29
0x7fcb73e99bcc 1 2 13
0x7fcb73e99d5e 1 2 10
0x7fcb73e99d4e 1 6 16
0x7fcb73e9a035 0 3 12
0x7fcb73e9a028 1 3 13
0x7fcb73e999e1 1 3 12
0x7fcb73e998e0 2 9 21
0x7fcb73e9a496 0 5 22
0x7fcb73e9a48e 0 2 8
0x7fcb73e9a470 86 10 30
0x7fcb73e9a4dd 2 2 8
0x7fcb73e9a4e5 2 3 13
0x7fcb73e9a4f2 2 2 9
0x7fcb73e9a4f2 1 2 9
0x7fcb73e9a4e5 1 3 13
0x7fcb73e9a536 3 7 14
0x7fcb73e9a5ec 3 1 5
0x7fcb73e9a4dd 1 2 8
0x7fcb73e9a5e4 3 2 8
0x7fcb73e9a5d8 3 3 12
0x7fcb73e9a530 0 2 6
0x7fcb73e9a52a 0 2 6
0x7fcb73e9a4fb 3 10 47
0x7fcb73e9a496 3 5 22
0x7fcb73e9a470 3 10 30
0x7fcb73e9a48e 0 2 8
0x7fcb73e9a496 0 5 22
0x7fcb73e9a4ac 3 3 16
0x7fcb73e9a4bc 3 7 20
0x7fcb73e9a4d0 3 3 13
0x7fcb73e9a4d0 18 3 13
0x7fcb73e9a4dd 18 2 8
0x7fcb73e9a4e5 18 3 13
0x7fcb73e9a4f2 18 2 9
0x7fcb73e9a4fb 18 10 47
0x7fcb73e9a52a 0 2 6
0x7fcb73e9a530 0 2 6
0x7fcb73e9a536 86 7 14
0x7fcb73e9a5ec 86 1 5
0x7fcb73e9a5e4 86 2 8
0x7fcb73e9a5d8 86 3 12
0x7fcb73e9a4fb 68 10 47
0x7fcb73e9a4f2 68 2 9
0x7fcb73e9a4e5 68 3 13
0x7fcb73e9a4bc 86 7 20
0x7fcb73e9a4ac 86 3 16
0x7fcb73e9a496 86 5 22
0x7fcb73e9a706 15 2 8
0x7fcb73e9a74e 6 2 9
0x7fcb73e9a745 0 2 9
0x7fcb73e9a73a 3 4 11
0x7fcb73e9a72d 3 4 13
0x7fcb73e9a600 3 24 96
0x7fcb73e9a600 88 24 96
0x7fcb73e9a72d 88 4 13
0x7fcb73e9a70e 15 2 8
0x7fcb73e9a716 15 4 23
0x7fcb73e9a757 6 2 13
0x7fcb73e9a764 0 4 13
0x7fcb73e9a660 6 3 14
0x7fcb73e9a66e 6 11 59
0x7fcb73e9a6a9 6 15 56
0x7fcb73e9a6e1 3 3 16
0x7fcb73e9a72d 15 4 13
0x7fcb73e9a73a 15 4 11
0x7fcb73e9a745 0 2 9
0x7fcb73e9a74e 0 2 9
0x7fcb73e9a8d7 75 2 8
0x7fcb73e9a8df 0 3 11
0x7fcb73e9a9fe 75 12 32
0x7fcb73e9a8cf 75 2 8
0x7fcb73e9a8bf 86 4 16
0x7fcb73e9a8af 86 5 16
0x7fcb73e9a8a0 86 2 15
0x7fcb73e9b0ad 86 8 40
0x7fcb73e9a9e1 0 2 5
0x7fcb73e9a9d4 86 3 13
0x7fcb73e9a983 57 20 81
0x7fcb73e9a975 89 5 14
0x7fcb73e9a968 90 3 13
0x7fcb73e9a983 29 20 81
0x7fcb73e9a975 87 5 14
0x7fcb73e9a922 87 14 66
0x7fcb73e9a908 87 7 26
0x7fcb73e9a73a 79 4 11
0x7fcb73e9a72d 79 4 13
0x7fcb73e9a720 81 3 13
0x7fcb73e9a6f5 90 4 17
0x7fcb73e9a6f1 90 2 4
0x7fcb73e9a6e1 96 3 16
0x7fcb73e9a6a9 182 15 56
0x7fcb73e9a66e 182 11 59
0x7fcb73e9a660 182 3 14
0x7fcb73e9a764 0 4 13
0x7fcb73e9a757 182 2 13
0x7fcb73e9a74e 182 2 9
0x7fcb73e9a745 0 2 9
0x7fcb73e9a73a 88 4 11
0x7fcb73e9a9fe 3 12 32
0x7fcb73e9a8df 0 3 11
0x7fcb73e9a8d7 3 2 8
0x7fcb73e9a8cf 3 2 8
0x7fcb73e9a8bf 3 4 16
0x7fcb73e9a8af 3 5 16
0x7fcb73e9a8a0 3 2 15
0x7fcb73e9b0ad 3 8 40
0x7fcb73e9a9e1 0 2 5
0x7fcb73e9a9d4 3 3 13
0x7fcb73e9a983 2 20 81
0x7fcb73e9a975 2 5 14
0x7fcb73e9a968 2 3 13
0x7fcb73e9a983 1 20 81
0x7fcb73e9a975 3 5 14
0x7fcb73e9a922 3 14 66
0x7fcb73e9a908 3 7 26
0x7fcb73e9a745 0 2 9
0x7fcb73e9a74e 0 2 9
0x7fcb73e9adbf 1 6 34
0x7fcb73e9ac4d 1 2 11
0x7fcb73e9ac58 0 4 17
0x7fcb73e9ac69 0 1 5
0x7fcb73e9a6f1 3 2 4
0x7fcb73e9a6f5 3 4 17
0x7fcb73e9a706 3 2 8
0x7fcb73e9a70e 3 2 8
0x7fcb73e9a716 3 4 23
0x7fcb73e9a9f0 11 3 14
0x7fcb73e9a9fe 11 12 32
0x7fcb73e9a8f0 2 9 17
0x7fcb73e9a73a 3 4 11
0x7fcb73e9a72d 3 4 13
0x7fcb73e9b334 86 4 25
0x7fcb73e9b34d 86 10 21
0x7fcb73e9b34d 3 10 21
0x7fcb73e9b2df 88 3 9
0x7fcb73e9b334 3 4 25
0x7fcb73e9b325 3 3 15
0x7fcb73e9b309 3 6 28
0x7fcb73e9b2fe 3 4 11
0x7fcb73e9b47d 2 4 15
0x7fcb73e9b48c 0 2 13
0x7fcb73e9b6e0 2 3 15
0x7fcb73e9b1f8 0 8 49
0x7fcb73e9b1d5 4 11 35
0x7fcb73e9b190 4 18 69
0x7fcb73e9b350 2 9 18
0x7fcb73e9b2f9 3 2 5
0x7fcb73e9b2e8 3 3 17
0x7fcb73e9b2df 3 3 9
0x7fcb73e9b2e8 86 3 17
0x7fcb73e9b2f9 86 2 5
0x7fcb73e9b2fe 86 4 11
0x7fcb73e9b309 86 6 28
0x7fcb73e9b325 86 3 15
0x7fcb73e9b190 3 18 69
0x7fcb73e9b1d5 3 11 35
0x7fcb73e9b1f8 0 8 49
0x7fcb73e9b1e0 15 8 24
0x7fcb73e9b1f8 3 8 49
0x7fcb73e9b229 3 2 13
0x7fcb73e9b236 3 4 19
0x7fcb73e9b249 3 3 12
0x7fcb73e9b255 3 8 50
0x7fcb73e9b2ac 3 13 51
0x7fcb73e9b2f9 0 2 5
0x7fcb73e9b2eb 2 2 14
0x7fcb73e9b2ac 0 13 51
0x7fcb73e9b29b 2 6 17
0x7fcb73e9b29b 0 6 17
0x7fcb73e9b292 0 2 9
0x7fcb73e9b290 2 1 2
0x7fcb73e9b8dc 1 2 16
0x7fcb73e9b236 88 4 19
0x7fcb73e9b229 86 2 13
0x7fcb73e9b1f8 88 8 49
0x7fcb73e9b249 88 3 12
0x7fcb73e9b255 88 8 50
0x7fcb73e9b2ac 88 13 51
0x7fcb73e9b2fe 0 4 11
0x7fcb73e9b1e0 1099 8 24
0x7fcb73e9b1f8 0 8 49
0x7fcb73e9b1d5 84 11 35
0x7fcb73e9b190 84 18 69
0x7fcb73e9b478 2 2 5
0x7fcb73e9c387 1 12 55
0x7fcb73e9c36c 1 8 27
0x7fcb73e9c360 3 3 12
0x7fcb73e9c36c 3 8 27
0x7fcb73e9c387 3 12 55
0x7fcb73e9c360 1 3 12
0x7fcb73e9c441 0 1 2
0x7fcb73e9c42e 1 6 19
0x7fcb73e9c410 1 8 30
0x7fcb73e9c44b 1 3 9
0x7fcb73e9c454 0 14 65
0x7fcb73e9c448 2 4 12
0x7fcb73e9c454 1 14 65
0x7fcb73e9c45d 1 12 56
0x7fcb73e9c498 1 2 5
0x7fcb73e9c441 1 1 2
0x7fcb73e9c42e 2 6 19
0x7fcb73e9c44b 1 3 9
0x7fcb73e9c454 1 14 65
0x7fcb73e9c410 2 8 30
0x7fcb73e9c737 1 2 11
0x7fcb73e9c727 1 3 16
0x7fcb73e9c4a0 1 16 49
0x7fcb73e9c4d1 1 15 64
0x7fcb73e9c628 1 2 8
0x7fcb73e9c611 1 5 23
0x7fcb73e9c5dc 1 9 53
0x7fcb73e9c511 1 3 12
0x7fcb73e9c51d 1 12 59
0x7fcb73e9c558 1 16 76
0x7fcb73e9c5a4 0 4 16
0x7fcb73e9c5b4 0 9 40
0x7fcb73e9c710 1 2 15
0x7fcb73e9c5a4 1 4 16
0x7fcb73e9c5b4 0 9 40
0x7fcb73e9c5dc 0 9 53
0x7fcb73e9c794 1 3 13
0x7fcb73e9c803 0 2 12
0x7fcb73e9c7f8 1 4 11
0x7fcb73e9c7f0 1 2 8
0x7fcb73e9c691 1 1 5
0x7fcb73e9c67a 1 6 23
0x7fcb73e9c66d 1 3 13
0x7fcb73e9c651 1 5 28
0x7fcb73e9c742 0 2 12
0x7fcb73e9c737 0 2 11
0x7fcb73e9c720 1 4 23
0x7fcb73e9c647 0 7 38
0x7fcb73e9c63f 1 2 8
0x7fcb73e9c633 1 3 12
0x7fcb73e9c628 0 2 8
0x7fcb73e9c611 1 5 23
0x7fcb73e9c5dc 1 9 53
0x7fcb73e9c6f9 2 9 18
0x7fcb73e9c66d 0 3 13
0x7fcb73e9c647 1 7 38
0x7fcb73e9c7d3 1 2 8
0x7fcb73e9c7c8 1 3 11
0x7fcb73e9c611 0 5 23
0x7fcb73e9c5dc 1 9 53
0x7fcb73e9c6f2 1 10 25
0x7fcb73e9c7b5 1 4 15
0x7fcb73e9c7a8 10 4 13
0x7fcb73e9c7b5 0 4 15
0x7fcb73e9c7ab 1 3 10
0x7fcb73e9c7a1 1 1 2
0x7fcb73e9c4a0 2 16 49
0x7fcb73e9c742 0 2 12
0x7fcb73e9c7e0 1 2 12
0x7fcb73e9c64e 1 6 31
0x7fcb73e9c66d 0 3 13
0x7fcb73e9c5d0 15 4 12
0x7fcb73e9c5dc 0 9 53
0x7fcb73e9c5b4 1 9 40
0x7fcb73e9c5a4 2 4 16
0x7fcb73e9c710 2 2 15
0x7fcb73e9c5b4 0 9 40
0x7fcb73e9c5a4 0 4 16
0x7fcb73e9c558 2 16 76
0x7fcb73e9c51d 2 12 59
0x7fcb73e9c511 2 3 12
0x7fcb73e9c4d1 2 15 64
0x7fcb73e9c960 3 11 44
0x7fcb73e9c98c 3 6 20
0x7fcb73e9c9a0 3 2 4
0x7fcb73e9c9a4 3 2 2
0x7fcb73e9d088 1 5 28
0x7fcb73e9d07c 39 3 12
0x7fcb73e9ce1c 0 2 10
0x7fcb73e9d0a4 1 4 19
0x7fcb73e9ce10 3 3 12
0x7fcb73e9ce26 0 4 16
0x7fcb73e9d480 11 3 15
0x7fcb73e9d48f 0 3 11
0x7fcb73e9d06f 39 4 13
0x7fcb73e9d2d7 0 2 9
0x7fcb73e9d2c4 39 5 19
0x7fcb73e9d2b0 39 5 20
0x7fcb73e9cfd2 0 5 21
0x7fcb73e9cf8e 39 14 68
0x7fcb73e9cf85 39 3 9
0x7fcb73e9cc59 1 2 9
0x7fcb73e9d08b 5 4 25
0x7fcb73e9cd4f 84 2 13
0x7fcb73e9cf4b 1 3 16
0x7fcb73e9cf31 1 5 26
0x7fcb73e9cf20 56 3 17
0x7fcb73e9d1b2 17 6 26
0x7fcb73e9d19d 17 4 21
0x7fcb73e9d190 17 3 13
0x7fcb73e9d39a 0 2 9
0x7fcb73e9d384 17 6 22
0x7fcb73e9d370 17 5 20
0x7fcb73e9cd5c 81 2 10
0x7fcb73e9cd66 70 2 10
0x7fcb73e9cd70 70 9 37
0x7fcb73e9cd95 70 12 51
0x7fcb73e9cdc8 70 12 49
0x7fcb73e9cd3b 84 5 20
0x7fcb73e9cc11 3 6 25
0x7fcb73e9cc2a 2 10 47
0x7fcb73e9dea0 3 3 8
0x7fcb73e9dea8 3 7 36
0x7fcb73e9decc 3 3 15
0x7fcb73e9e1d0 3 2 8
0x7fcb73e9e1d8 0 2 6
0x7fcb73e9e1de 0 2 10
0x7fcb73e9dee5 3 5 31
0x7fcb73e9cbd8 0 5 20
0x7fcb73e9cbbc 1 7 28
0x7fcb73e9cbb2 1 2 10
0x7fcb73e9cee9 0 5 23
0x7fcb73e9cee0 0 2 9
0x7fcb73e9ced0 1 3 16
0x7fcb73e9d820 1 6 34
0x7fcb73e9d812 1 2 14
0x7fcb73e9d7fe 1 4 20
0x7fcb73e9d812 0 2 14
0x7fcb73e9d7e9 0 8 41
0x7fcb73e9d7d8 1 5 17
0x7fcb73e9cb62 1 8 33
0x7fcb73e9cb59 2 2 9
0x7fcb73e9cb3c 2 5 29
0x7fcb73e9cf31 2 5 26
0x7fcb73e9cf4b 0 3 16
0x7fcb73e9ccc0 140 4 17
0x7fcb73e9ccd1 101 14 71
0x7fcb73e9cd18 101 2 10
0x7fcb73e9cd22 101 2 9
0x7fcb73e9cd2b 101 4 16
0x7fcb73e9ce76 3 8 15
0x7fcb73e9cdc8 14 12 49
0x7fcb73e9cd95 14 12 51
0x7fcb73e9cd70 3 9 37
0x7fcb73e9cd66 3 2 10
0x7fcb73e9cd5c 3 2 10
0x7fcb73e9cd4f 3 2 13
0x7fcb73e9d448 39 2 10
0x7fcb73e9d452 38 2 12
0x7fcb73e9d4a0 1 3 19
0x7fcb73e9cf5b 1 5 23
0x7fcb73e9cdf9 84 9 35
0x7fcb73e9ce1c 2 2 10
0x7fcb73e9ce26 2 4 16
0x7fcb73e9d376 85 3 14
0x7fcb73e9d384 85 6 22
0x7fcb73e9d39a 0 2 9
0x7fcb73e9d532 0 2 5
0x7fcb73e9d529 0 2 9
0x7fcb73e9cb83 1 9 39
0x7fcb73e9cbaa 1 4 18
0x7fcb73e9cbbc 1 7 28
0x7fcb73e9d520 1 2 9
0x7fcb73e9d4f0 6 4 12
0x7fcb73e9d4e0 6 3 16
0x7fcb73e9d4d0 6 4 16
0x7fcb73e9d510 0 4 12
0x7fcb73e9d508 0 3 8
0x7fcb73e9d4fc 6 4 12
0x7fcb73e9d4c4 1 3 7
0x7fcb73e9d4b8 1 3 12
0x7fcb73e9ce1c 102 2 10
0x7fcb73e9ce26 102 4 16
0x7fcb73e9cf08 87 7 41
0x7fcb73e9cc70 0 3 16
0x7fcb73e9cc62 1 2 14
0x7fcb73e9cc59 1 2 9
0x7fcb73e9d5d0 3 2 5
0x7fcb73e9cb06 3 2 14
0x7fcb73e9cb14 2 4 15
0x7fcb73e9cb23 2 3 25
0x7fcb73e9e171 1 3 11
0x7fcb73e9e17c 0 2 12
0x7fcb73e9cb23 1 3 25
0x7fcb73e9cb3c 1 5 29
0x7fcb73e9cc59 1 2 9
0x7fcb73e9cc2a 2 10 47
0x7fcb73e9cbf8 2 10 50
0x7fcb73e9d7c9 2 3 12
0x7fcb73e9d7c0 2 2 9
0x7fcb73e9cc2a 1 10 47
0x7fcb73e9cbec 1 13 62
0x7fcb73e9cbe3 3 2 9
0x7fcb73e9cbec 0 13 62
0x7fcb73e9cbd8 0 5 20
0x7fcb73e9cbbc 1 7 28
0x7fcb73e9cbaa 1 4 18
0x7fcb73e9cb83 2 9 39
0x7fcb73e9cb62 2 8 33
0x7fcb73e9cb59 1 2 9
0x7fcb73e9d0a4 2 4 19
0x7fcb73e9ce40 3 3 14
0x7fcb73e9ce4e 3 3 22
0x7fcb73e9ce64 3 2 10
0x7fcb73e9ce6e 3 2 8
0x7fcb73e9cd3b 3 5 20
0x7fcb73e9cd2b 3 4 16
0x7fcb73e9cd22 3 2 9
0x7fcb73e9cd18 3 2 10
0x7fcb73e9ccd1 3 14 71
0x7fcb73e9cc98 3 9 57
0x7fcb73e9cc80 5 4 24
0x7fcb73e9caa0 3 14 46
0x7fcb73e9d5f7 1 5 15
0x7fcb73e9d5d5 2 1 5
0x7fcb73e9d606 1 2 6
0x7fcb73e9d60c 0 5 31
0x7fcb73e9d5e0 1190 6 23
0x7fcb73e9d5f7 1189 5 15
0x7fcb73e9d606 1189 2 6
0x7fcb73e9cc70 5 3 16
0x7fcb73e9caf1 3 5 21
0x7fcb73e9cace 3 7 35
0x7fcb73e9e4c2 2 3 6
0x7fcb73e9e490 2 14 50
0x7fcb73e9f217 1 9 39
0x7fcb73e9f1f2 1 2 9
0x7fcb73e9f23e 1 3 19
0x7fcb73e9f1db 1 6 23
0x7fcb73e9e7f2 1 3 12
0x7fcb73e9e7fe 1 7 29
0x7fcb73e9e81b 1 5 21
0x7fcb73e9e830 1 6 32
0x7fcb73e9e850 0 4 23
0x7fcb73e9ef78 1 2 14
0x7fcb73e9ef86 1 2 14
0x7fcb73e9ef94 1 3 12
0x7fcb73e9efa0 1 1 5
0x7fcb73e9ebcf 1 3 10
0x7fcb73e9f010 1 2 11
0x7fcb73e9ebe7 0 4 19
0x7fcb73e9ebd9 1 3 14
0x7fcb73e9e6d0 48 2 10
0x7fcb73e9e6da 0 5 20
0x7fcb73e9e870 48 3 16
0x7fcb73e9e880 0 6 27
0x7fcb73e9e83f 2 4 17
0x7fcb73e9e850 0 4 23
0x7fcb73e9f164 3 3 9
0x7fcb73e9f16d 1 5 36
0x7fcb73e9f158 2 3 12
0x7fcb73e9f164 0 3 9
0x7fcb73e9f16d 0 5 36
0x7fcb73e9f782 2 2 12
0x7fcb73e9e850 2 4 23
0x7fcb73e9e637 2 6 36
0x7fcb73e9e65b 0 4 21
0x7fcb73e9e670 0 14 60
0x7fcb73e9f1c3 1 4 24
0x7fcb73e9e6f7 2 7 38
0x7fcb73e9e6ee 2 2 9
0x7fcb73e9e6da 2 5 20
0x7fcb73e9e6ac 2 8 46
0x7fcb73e9e670 2 14 60
0x7fcb73e9e65e 3 3 18
0x7fcb73e9f1b3 2 3 16
0x7fcb73e9e7d5 1 6 29
0x7fcb73e9e7d0 2 2 5
0x7fcb73e9e7c0 49 4 16
0x7fcb73e9e7d0 0 2 5
0x7fcb73e9e7b5 1 7 27
0x7fcb73e9e761 2 17 84
0x7fcb73e9e737 2 3 14
0x7fcb73e9e72a 2 3 13
0x7fcb73e9e71d 2 3 13
0x7fcb73e9e4d0 1 19 67
0x7fcb73e9f1a6 3 2 13
0x7fcb73e9f198 3 2 14
0x7fcb73e9e670 0 14 60
0x7fcb73e9e65b 0 4 21
0x7fcb73e9e513 1 2 12
0x7fcb73e9e51f 1 16 70
0x7fcb73e9f4f0 1 4 25
0x7fcb73e9e5cd 1 20 142
0x7fcb73e9ebe7 1 4 19
0x7fcb73e9ebfa 0 4 19
0x7fcb73e9ec0d 0 4 25
0x7fcb73e9ec18 1 3 14
0x7fcb73e9ec26 1 3 12
0x7fcb73e9ec32 1 11 59
0x7fcb73e9ec6d 1 10 37
0x7fcb73e9ec60 2 3 13
0x7fcb73e9ec6d 2 10 37
0x7fcb73e9ec92 1 3 19
0x7fcb73e9eca5 1 3 16
0x7fcb73e9ecb5 0 4 15
0x7fcb73e9ecc4 0 15 67
0x7fcb73e9ee5b 1 3 14
0x7fcb73e9ee69 1 5 26
0x7fcb73e9ee83 0 12 47
0x7fcb73e9f258 1 3 15
0x7fcb73e9f267 1 2 12
0x7fcb73e9eef2 1 6 23
0x7fcb73e9ef09 1 6 36
0x7fcb73e9ef2d 0 3 19
0x7fcb73e9ef40 1 3 12
0x7fcb73e9ef4c 0 2 8
0x7fcb73e9ef54 1 3 14
0x7fcb73e9ef62 1 8 15
0x7fcb73e9fecc 0 8 32
0x7fcb73e9feec 0 5 16
0x7fcb73ea0011 1 2 8
0x7fcb73ea0019 1 4 16
0x7fcb73e9fecc 1 8 32
0x7fcb73e9feec 1 5 16
0x7fcb73e9fefc 0 10 44
0x7fcb73e9ff61 1 2 6
0x7fcb73e9fef3 1 3 9
0x7fcb73e9fefc 1 10 44
0x7fcb73e9ff28 1 11 38
0x7fcb73e9ff4e 0 6 19
0x7fcb73e9ff61 0 2 6
0x7fcb73e9ff70 1 5 20
0x7fcb73e9ff84 0 3 11
0x7fcb73e9fb98 1 14 61
0x7fcb73e9fbd5 1 5 22
0x7fcb73e9fbeb 1 12 51
0x7fcb73e9ff90 1 12 45
0x7fcb73e9ffbd 1 2 10
0x7fcb73e9ffc7 0 2 6
0x7fcb73ea0110 1 4 18
0x7fcb73e9fc1e 1 15 56
0x7fcb73e9fc56 1 5 19
0x7fcb73e9f9ca 1 9 28
0x7fcb73e9f9e6 1 3 16
0x7fcb73e9f9f6 1 4 24
0x7fcb73e9fa0e 1 2 5
0x7fcb73e9fa29 1 2 5
0x7fcb73e9fa2e 0 7 24
0x7fcb73e9fa46 0 1 2
0x7fcb73e9fa18 4 4 17
0x7fcb73e9fa29 3 2 5
0x7fcb73e9f9c0 1 3 10
0x7fcb73e9f9f6 0 4 24
0x7fcb73e9f9e6 0 3 16
0x7fcb73e9f9d4 1 6 18
0x7fcb73e9f9ca 0 9 28
0x7fcb73e9f9b0 1 6 26
0x7fcb73e9f991 1 8 31
0x7fcb73e9fa2e 1 7 24
0x7fcb73e9fa77 1 4 12
0x7fcb73e9fa83 0 2 5
0x7fcb73e9fa88 0 2 9
0x7fcb73e9fa50 3 11 39
0x7fcb73e9fa77 2 4 12
0x7fcb73e9fa83 0 2 5
0x7fcb73e9feb8 1 5 20
0x7fcb73e9fdd9 4 7 24
0x7fcb73e9fdf1 3 3 9
0x7fcb73e9fdf1 6 3 9
0x7fcb73e9fdfa 2 3 9
0x7fcb73e9fe03 0 9 33
0x7fcb73e9fdb8 2 8 24
0x7fcb73e9fdd0 2 3 9
0x7fcb73e9fdd9 2 7 24
0x7fcb73e9fdfa 1 3 9
0x7fcb73e9fe03 1 9 33
0x7fcb73e9fe24 1 3 8
0x7fcb73e9fe45 1 3 10
0x7fcb73e9fe4f 0 5 17
0x7fcb73e9fe60 0 16 53
0x7fcb73e9fe30 1 6 21
0x7fcb73e9fe45 1 3 10
0x7fcb73e9fe4f 1 5 17
0x7fcb73e9fe60 1 16 53
0x7fcb73e9fe95 0 12 32
0x7fcb73e9fe80 3 6 21
0x7fcb73e9fe95 1 12 32
0x7fcb73e9f950 1 19 65
0x7fcb73e9fc69 1 14 53
0x7fcb73e9fc9e 1 20 91
0x7fcb73e9fcf9 2 5 17
0x7fcb73e9fd1a 2 6 15
0x7fcb73e9fd29 1 4 16
0x7fcb73e9fd39 1 4 13
0x7fcb73e9fd46 1 3 12
0x7fcb73e9fd52 2 4 12
0x7fcb73e9fd5e 1 11 54
0x7fcb73e9fd94 0 15 60
0x7fcb73e9fce8 1 4 17
0x7fcb73e9fd10 1 3 10
0x7fcb73e9fd1a 0 6 15
0x7fcb73e9fd29 0 4 16
0x7fcb73e9fd46 1 3 12
0x7fcb73e9fd80 7 5 20
0x7fcb73e9fd94 1 15 60
0x7fcb73e9fdd0 1 3 9
0x7fcb73e9fdd9 6 7 24
0x7fcb73e9fdf1 3 3 9
0x7fcb73e9fdfa 0 3 9
0x7fcb73e9fdd0 9 3 9
0x7fcb73ea0299 1 4 9
0x7fcb73ea028f 1 3 10
0x7fcb73ea02b0 1 1 2
0x7fcb73ea02b2 1 1 2
0x7fcb73ea0299 2 4 9
0x7fcb73ea028f 2 3 10
0x7fcb73ea027c 3 6 19
0x7fcb73ea0277 3 2 5
0x7fcb73ea0270 3 2 7
0x7fcb73ea0264 3 4 12
0x7fcb73ea0253 3 6 17
0x7fcb73ea0180 3 23 87
0x7fcb73ea01d7 3 2 10
0x7fcb73ea01e1 3 4 15
0x7fcb73ea01f0 3 14 65
0x7fcb73ea0231 3 9 34
0x7fcb73ea0a41 0 12 31
0x7fcb73ea0a20 1 7 33
0x7fcb73ea0ac3 1 6 9
0x7fcb73ea0aba 1 3 9
0x7fcb73ea0a60 0 2 9
0x7fcb73ea0b18 1 2 8
0x7fcb73ea0b20 1 1 2
0x7fcb73ea0a20 2 7 33
0x7fcb73ea0a41 2 12 31
0x7fcb73ea0a60 1 2 9
0x7fcb73ea0ad0 1 3 12
0x7fcb73ea0aa0 1 7 26
0x7fcb73ea0a86 1 7 26
0x7fcb73ea0a7a 1 3 12
0x7fcb73ea0a69 1 6 17
0x7fcb73ea0adc 0 2 9
0x7fcb73ea0ae5 0 3 8
0x7fcb73ea0ac3 1 6 9
0x7fcb73ea0bb6 1 5 16
0x7fcb73ea0ba0 1 5 22
0x7fcb73ea0bcb 1 8 15
0x7fcb73ea0bc6 2 2 5
0x7fcb73ea0bc6 1 2 5
0x7fcb73ea0bb6 1 5 16
0x7fcb73ea0bb6 1 5 16
0x7fcb73ea0ba0 1 5 22
0x7fcb73ea0b91 1 4 15
0x7fcb73ea0b8c 0 2 5
0x7fcb73ea0b87 1 2 5
0x7fcb73ea0b50 1 16 55
0x7fcb73ea0bcb 0 8 15
0x7fcb73ea0ba0 1 5 22
0x7fcb73ea0e26 1 2 13
0x7fcb73ea0cb2 1 6 27
0x7fcb73ea0ed5 1 2 13
0x7fcb73ea0ee2 1 8 15
0x7fcb73ea0e0c 1 5 26
0x7fcb73ea0de8 1 8 36
0x7fcb73ea0ddf 1 2 9
0x7fcb73ea0dd2 1 2 13
0x7fcb73ea0dc6 1 3 12
0x7fcb73ea0f30 1 7 24
0x7fcb73ea0d9e 1 4 14
0x7fcb73ea0d96 1 2 8
0x7fcb73ea0d8b 1 4 11
0x7fcb73ea0d68 4 8 35
0x7fcb73ea0d5f 4 2 9
0x7fcb73ea0d59 4 2 6
0x7fcb73ea0d45 1 2 5
0x7fcb73ea0f1d 1 4 16
0x7fcb73ea0f1d 0 4 16
0x7fcb73ea0f01 0 5 28
0x7fcb73ea0ef8 1 2 9
0x7fcb73ea0d23 1 8 34
0x7fcb73ea0d06 1 8 29
0x7fcb73ea0cff 1 3 7
0x7fcb73ea0cf2 1 2 13
0x7fcb73ea0c90 1 11 34
0x7fcb73ea0ec7 1 3 14
0x7fcb73ea0ec0 1 3 7
0x7fcb73ea0cf2 0 2 13
0x7fcb73ea0cdd 1 4 21
0x7fcb73ea0ead 1 2 9
0x7fcb73ea0e97 2 4 22
0x7fcb73ea0e89 2 3 14
0x7fcb73ea0e82 2 3 7
0x7fcb73ea0f6d 0 4 12
0x7fcb73ea0f60 0 2 13
0x7fcb73ea0f50 2 3 16
0x7fcb73ea0ead 0 2 9
0x7fcb73ea0e97 1 4 22
0x7fcb73ea0e26 0 2 13
0x7fcb73ea0e0c 2 5 26
0x7fcb73ea0df8 3 4 20
0x7fcb73ea0e33 1 9 32
0x7fcb73ea0e53 1 5 16
0x7fcb73ea0e63 1 3 10
0x7fcb73ea0e6d 1 3 12
0x7fcb73ea0e79 1 3 9
0x7fcb73ea0e82 1 3 7
0x7fcb73ea0e89 1 3 14
0x7fcb73ea0e97 1 4 22
0x7fcb73ea10b0 1 1 2
0x7fcb73ea10b0 1 1 2
0x7fcb73ea1118 1 3 14
0x7fcb73ea1126 1 3 11
0x7fcb73ea10e0 0 2 5
0x7fcb73ea10c0 1 2 5
0x7fcb73ea1131 0 3 13
0x7fcb73ea10eb 1 9 39
0x7fcb73ea10c5 0 6 27
0x7fcb73ea1140 2 1 2
0x7fcb73ea10e5 0 10 45
0x7fcb73ea10e0 2 2 5
0x7fcb73ea1131 0 3 13
0x7fcb73ea1126 0 3 11
0x7fcb73ea1118 2 3 14
0x7fcb73ea10e0 0 2 5
0x7fcb73ea10c5 0 6 27
0x7fcb73ea10c0 2 2 5
0x7fcb73ea1805 1 2 5
0x7fcb73ea17d4 1 2 7
0x7fcb73ea17db 1 7 17
0x7fcb73ea17f0 1 6 21
0x7fcb73ea17cd 0 3 14
0x7fcb73ea17bf 1 4 14
0x7fcb73ea17bb 1 2 4
0x7fcb73ea17aa 1 5 17
0x7fcb73ea17a6 1 2 4
0x7fcb73ea1780 1 11 38
0x7fcb73ea1a50 3 3 9
0x7fcb73ea1a40 24 6 11
0x7fcb73ea1a59 3 3 11
0x7fcb73ea1a68 0 6 14
0x7fcb73ea1a64 3 2 4
0x7fcb73ea1a50 27 3 9
0x7fcb73ea1a68 3 6 14
0x7fcb73ea1a64 30 2 4
0x7fcb73ea1a59 27 3 11
0x7fcb73ea1a37 0 7 20
0x7fcb73ea1a2e 27 3 9
0x7fcb73ea1a25 27 3 9
0x7fcb73ea1a59 3 3 11
0x7fcb73ea1a37 0 7 20
0x7fcb73ea1a2e 3 3 9
0x7fcb73ea1a25 3 3 9
0x7fcb73ea1a10 3 7 21
0x7fcb73ea1a10 27 7 21
0x7fcb73ea1a59 0 3 11
0x7fcb73ea1a40 3 6 11
0x7fcb73ea1df9 1 8 15
0x7fcb73ea1c70 3 17 55
0x7fcb73ea1df1 1 2 8
0x7fcb73ea1cc5 3 3 10
0x7fcb73ea1ccf 3 2 10
0x7fcb73ea1cb8 3 3 13
0x7fcb73ea1ca7 3 3 17
0x7fcb73ea1cd9 3 3 11
0x7fcb73ea1ce4 3 3 9
0x7fcb73ea1ced 0 18 73
0x7fcb73ea1d36 0 3 11
0x7fcb73ea1ccf 7 2 10
0x7fcb73ea1cd9 4 3 11
0x7fcb73ea1ce4 4 3 9
0x7fcb73ea1de0 3 5 17
0x7fcb73ea1df1 2 2 8
0x7fcb73ea1df9 2 8 15
0x7fcb73ea223a 0 9 38
0x7fcb73ea23f0 1 7 23
0x7fcb73ea2407 1 17 55
0x7fcb73ea243e 1 3 7
0x7fcb73ea2210 1 12 42
0x7fcb73ea24a4 3 1 5
0x7fcb73ea2252 2 4 14
0x7fcb73ea223a 1 9 38
0x7fcb73ea2213 2 11 39
0x7fcb73ea21dd 5 3 11
0x7fcb73ea21d0 5 3 13
0x7fcb73ea21f7 2 8 25
0x7fcb73ea21ec 2 3 11
0x7fcb73ea21e8 7 2 4
0x7fcb73ea21dd 2 3 11
0x7fcb73ea21c9 0 1 5
0x7fcb73ea2198 2 11 49
0x7fcb73ea217e 2 7 26
0x7fcb73ea214e 4 11 48
0x7fcb73ea2130 4 11 30
0x7fcb73ea24a9 2 4 16
0x7fcb73ea237c 4 9 18
0x7fcb73ea2457 3 4 14
0x7fcb73ea244a 4 3 13
0x7fcb73ea243e 1 3 7
0x7fcb73ea2407 2 17 55
0x7fcb73ea23f3 2 6 20
0x7fcb73ea23d9 2 7 23
0x7fcb73ea23b4 4 7 37
0x7fcb73ea23a3 4 3 17
0x7fcb73ea2393 4 4 16
0x7fcb73ea237c 0 9 18
0x7fcb73ea2378 1 2 4
0x7fcb73ea234f 1 4 14
0x7fcb73ea2348 2 2 7
0x7fcb73ea2293 0 3 12
0x7fcb73ea227e 2 6 21
0x7fcb73ea2260 3 10 30
0x7fcb73ea2471 32 14 51
0x7fcb73ea2468 32 3 9
0x7fcb73ea24a4 0 1 5
0x7fcb73ea249d 3 3 7
0x7fcb73ea24a4 0 1 5
0x7fcb73ea2471 0 14 51
0x7fcb73ea246b 3 2 6
0x7fcb73ea237c 0 9 18
0x7fcb73ea2378 3 2 4
0x7fcb73ea2360 32 8 24
0x7fcb73ea237c 0 9 18
0x7fcb73ea2378 0 2 4
0x7fcb73ea2363 3 7 21
0x7fcb73ea234f 2 4 14
0x7fcb73ea24b9 0 1 5
0x7fcb73ea25d0 1 7 15
0x7fcb73ea25df 1 5 13
0x7fcb73ea25f9 4 2 9
0x7fcb73ea2602 4 4 14
0x7fcb73ea2610 4 7 19
0x7fcb73ea2623 1 7 13
0x7fcb73ea30c7 1 8 21
0x7fcb73ea30a0 1 9 34
0x7fcb73ea30c2 1 2 5
0x7fcb73ea33b0 1 3 16
0x7fcb73ea33c0 1 3 12
0x7fcb73ea34b9 1 2 8
0x7fcb73ea34b0 1 2 9
0x7fcb73ea35f7 0 9 32
0x7fcb73ea3617 0 6 22
0x7fcb73ea3578 1 11 34
0x7fcb73ea359a 0 9 31
0x7fcb73ea35b9 0 3 13
0x7fcb73ea35a3 1 6 22
0x7fcb73ea35b9 0 3 13
0x7fcb73ea35c6 1 12 49
0x7fcb73ea355c 1 7 22
0x7fcb73ea35c6 0 12 49
0x7fcb73ea3630 1 14 53
0x7fcb73ea3550 1 3 12
0x7fcb73ea3543 1 3 13
0x7fcb73ea3538 1 2 11
0x7fcb73ea3520 1 8 24
0x7fcb73ea3784 1 5 9
0x7fcb73ea377f 1 2 5
0x7fcb73ea3700 1 8 32
0x7fcb73ea3770 1 3 15
0x7fcb73ea376d 285 1 3
0x7fcb73ea376d 1 1 3
0x7fcb73ea3720 1 2 9
0x7fcb73ea3729 1 16 71
0x7fcb73ea38f6 1 2 9
0x7fcb73ea38ff 1 8 32
0x7fcb73ea391f 1 4 13
0x7fcb73ea392c 1 8 39
0x7fcb73ea3953 0 6 17
0x7fcb73ea3964 0 3 13
0x7fcb73ea3870 1 3 13
0x7fcb73ea387d 0 3 13
0x7fcb73ea388a 0 3 18
0x7fcb73ea3990 1 12 31
0x7fcb73ea38df 1 4 23
0x7fcb73ea38d6 1 2 9
0x7fcb73ea389c 1 12 58
0x7fcb73ea388a 1 3 18
0x7fcb73ea387d 1 3 13
0x7fcb73ea3849 1 10 36
0x7fcb73ea3840 1 2 9
0x7fcb73ea380f 1 12 49
0x7fcb73ea37f2 0 2 8
0x7fcb73ea37dc 1 5 22
0x7fcb73ea37c0 1 10 28
0x7fcb73ea3e30 1 7 23
0x7fcb73ea3e5f 1 3 8
0x7fcb73ea3e67 1 10 31
0x7fcb73ea46a3 0 4 20
0x7fcb73ea46b7 0 8 16
0x7fcb73ea4670 2 2 9
0x7fcb73ea4679 1 2 9
0x7fcb73ea4682 1 2 9
0x7fcb73ea46d0 1 2 6
0x7fcb73ea46d6 1 7 14
0x7fcb73ea468b 0 3 11
0x7fcb73ea4682 0 2 9
0x7fcb73ea4679 1 2 9
0x7fcb73ea466a 1 3 15
0x7fcb73ea4654 1 6 22
0x7fcb73ea4640 1 7 20
0x7fcb73ea469a 2 3 9
0x7fcb73ea73f0 3 22 117
0x7fcb73ea746a 3 14 59
0x7fcb73ea7799 1 9 22
0x7fcb73ea76d1 0 4 13
0x7fcb73ea74b0 1 11 25
0x7fcb73ea74c9 0 8 15
0x7fcb73ea74d8 1 9 28
0x7fcb73ea74f4 1 2 12
0x7fcb73ea7500 1 16 63
0x7fcb73ea753f 1 24 93
0x7fcb73ea759c 1 2 10
0x7fcb73ea75a6 1 11 50
0x7fcb73ea76b0 1 2 6
0x7fcb73ea76b6 1 4 17
0x7fcb73ea76c7 1 2 10
0x7fcb73ea76d1 1 4 13
0x7fcb73ea7690 1 6 19
0x7fcb73ea76a3 1 3 12
0x7fcb73ea7570 1 11 44
0x7fcb73ea759c 1 2 10
0x7fcb73ea75a6 0 11 50
0x7fcb73ea76c7 1 2 10
0x7fcb73ea76d1 0 4 13
0x7fcb73ea7799 1 9 22
0x7fcb73ea7778 3 2 10
0x7fcb73ea7782 3 2 13
0x7fcb73ea778f 0 2 10
0x7fcb73ea759c 3 2 10
0x7fcb73ea75a6 2 11 50
0x7fcb73ea75d8 0 4 20
0x7fcb73ea76b0 3 2 6
0x7fcb73ea76b6 0 4 17
0x7fcb73ea76c7 0 2 10
0x7fcb73ea7718 3 3 12
0x7fcb73ea7724 0 6 17
0x7fcb73ea7735 0 4 12
0x7fcb73ea76b6 3 4 17
0x7fcb73ea76c7 2 2 10
0x7fcb73ea76d1 2 4 13
0x7fcb73ea75c1 1 5 23
0x7fcb73ea75d8 1 4 20
0x7fcb73ea75ec 1 3 9
0x7fcb73ea75e0 2 3 12
0x7fcb73ea75a6 0 11 50
0x7fcb73ea759c 0 2 10
0x7fcb73ea753f 1 24 93
0x7fcb73ea7500 1 16 63
0x7fcb73ea74f4 1 2 12
0x7fcb73ea74d8 1 9 28
0x7fcb73ea75ec 1 3 9
0x7fcb73ea75f5 0 12 48
0x7fcb73ea7690 2 6 19
0x7fcb73ea76a3 1 3 12
0x7fcb73ea74c9 0 8 15
0x7fcb73ea74b0 1 11 25
0x7fcb73ea7570 2 11 44
0x7fcb73ea759c 0 2 10
0x7fcb73ea75a6 0 11 50
0x7fcb73ea76a3 1 3 12
0x7fcb73ea76c7 1 2 10
0x7fcb73ea77f8 9 6 18
0x7fcb73ea780a 0 3 6
0x7fcb73ea77da 40 4 13
0x7fcb73ea77e7 38 2 9
0x7fcb73ea77f0 38 2 8
0x7fcb73ea77f8 31 6 18
0x7fcb73ea780a 0 3 6
0x7fcb73ea7880 7 2 3
0x7fcb73ea7860 0 7 24
0x7fcb73ea7878 0 2 8
0x7fcb73ea7878 2 2 8
0x7fcb73ea7880 0 2 3
0x7fcb73ea780a 2 3 6
0x7fcb73ea7810 2 2 5
0x7fcb73ea7815 2 9 30
0x7fcb73ea7833 0 8 29
0x7fcb73ea7850 2 5 16
0x7fcb73ea77d0 11 4 10
0x7fcb73ea77da 9 4 13
0x7fcb73ea77e7 9 2 9
0x7fcb73ea77f0 9 2 8
0x7fcb73ea78c1 1 3 16
0x7fcb73ea78d1 0 2 10
0x7fcb73ea7be0 1 4 24
0x7fcb73ea7bf8 1 3 13
0x7fcb73ea7c05 1 3 17
0x7fcb73ea7c16 1 3 19
0x7fcb73ea7c29 1 2 13
0x7fcb73ea7c36 1 2 11
0x7fcb73ea7c41 1 10 47
0x7fcb73ea7c70 1 6 32
0x7fcb73ea7c90 1 2 13
0x7fcb73ea7c9d 0 13 58
0x7fcb73ea78e2 1 4 20
0x7fcb73ea78f6 1 8 33
0x7fcb73ea7917 1 3 15
0x7fcb73ea78a0 1 11 33
0x7fcb73ea7926 1 2 8
0x7fcb73ea792e 0 3 15
0x7fcb73ea7f20 1 3 19
0x7fcb73ea7951 1 4 16
0x7fcb73ea7961 1 8 36
0x7fcb73ea7985 1 7 23
0x7fcb73ea799c 1 2 5
0x7fcb73ea79d3 1 3 11
0x7fcb73ea7aef 1 3 9
0x7fcb73ea7ae6 1 2 9
0x7fcb73ea7ad7 0 3 11
0x7fcb73ea7ace 0 3 9
0x7fcb73ea7ac9 1 2 5
0x7fcb73ea7a50 1 7 25
0x7fcb73ea7a41 1 5 15
0x7fcb73ea7a38 1 3 9
0x7fcb73ea7a6d 1 16 72
0x7fcb73ea7a69 2 2 4
0x7fcb73ea7a53 1 6 22
0x7fcb73ea7a22 1 5 17
0x7fcb73ea7a09 1 6 25
0x7fcb73ea7a00 1 2 9
0x7fcb73ea79d3 3 3 11
0x7fcb73ea79b1 3 10 34
0x7fcb73ea79a8 3 3 9
0x7fcb73ea79d3 3 3 11
0x7fcb73ea79b1 3 10 34
0x7fcb73ea7b4b 1 3 18
0x7fcb73ea7b37 1 4 20
0x7fcb73ea7b32 1 2 5
0x7fcb73ea7b1f 1 4 19
0x7fcb73ea7b19 1 2 6
0x7fcb73ea7b5d 1 2 11
0x7fcb73ea7b68 1 2 9
0x7fcb73ea7b71 1 4 13
0x7fcb73ea7b7e 1 2 9
0x7fcb73ea7af8 1 2 7
0x7fcb73ea7b08 1 3 10
0x7fcb73ea7b12 1 3 7
0x7fcb73ea79e4 3 3 9
0x7fcb73ea79e2 6 1 2
0x7fcb73ea79de 7 2 4
0x7fcb73ea7bce 1 8 15
0x7fcb73ea7bc6 1 2 8
0x7fcb73ea7ba3 1 9 35
0x7fcb73ea7b87 0 5 28
0x7fcb73ea7f78 1 3 16
0x7fcb73ea7f68 1 3 16
0x7fcb73ea7f61 0 1 2
0x7fcb73ea7f50 1 4 17
0x7fcb73ea8186 1008 4 13
0x7fcb73ea8193 1008 2 4
0x7fcb73ea8197 1008 2 4
0x7fcb73ea819b 52 3 8
0x7fcb73ea81b1 52 6 19
0x7fcb73ea81c4 0 2 4
0x7fcb73ea81c8 0 5 22
0x7fcb73ea81a8 76 2 5
0x7fcb73ea81ad 24 2 4
0x7fcb73ea81b1 24 6 19
0x7fcb73ea80b9 112 3 12
0x7fcb73ea80c5 111 4 19
0x7fcb73ea80d8 111 2 9
0x7fcb73ea80e1 111 2 7
0x7fcb73ea8136 9 4 17
0x7fcb73ea8147 0 2 4
0x7fcb73ea814b 0 5 15
0x7fcb73ea81ea 1 8 15
0x7fcb73ea8070 1 11 27
0x7fcb73ea808b 0 4 16
0x7fcb73ea80b0 1 2 9
0x7fcb73ea80b9 1 3 12
0x7fcb73ea80c5 1 4 19
0x7fcb73ea80d8 1 2 9
0x7fcb73ea80e1 1 2 7
0x7fcb73ea80f8 112 4 14
0x7fcb73ea8106 0 2 8
0x7fcb73ea810e 0 4 18
0x7fcb73ea80f0 1294 2 5
0x7fcb73ea80f5 1182 5 17
0x7fcb73ea8106 0 2 8
0x7fcb73ea8106 112 2 8
0x7fcb73ea810e 112 4 18
0x7fcb73ea8120 112 5 22
0x7fcb73ea8163 112 6 26
0x7fcb73ea817d 112 3 9
0x7fcb73ea8186 0 4 13
0x7fcb73ea81d0 1792 4 14
0x7fcb73ea81de 112 3 12
0x7fcb73ea81ea 0 8 15
0x7fcb73ea8178 1680 2 5
0x7fcb73ea817d 1680 3 9
0x7fcb73ea85a8 1 1 2
0x7fcb73ea859e 0 2 7
0x7fcb73ea8599 0 2 5
0x7fcb73ea8580 1 6 25
0x7fcb73ea857c 0 2 4
0x7fcb73ea8576 1 2 6
0x7fcb73ea8550 1 9 38
0x7fcb73ea8583 3 5 22
0x7fcb73ea857c 3 2 4
0x7fcb73ea8576 11 2 6
0x7fcb73ea8599 0 2 5
0x7fcb73ea859e 0 2 7
0x7fcb73ea8550 5 9 38
0x7fcb73ea8576 4 2 6
0x7fcb73ea857c 0 2 4
0x7fcb73ea8580 13 6 25
0x7fcb73ea8599 0 2 5
0x7fcb73ea859e 0 2 7
0x7fcb73ea85a8 16 1 2
0x7fcb73ea8550 11 9 38
0x7fcb73ea9aaa 1 4 20
0x7fcb73ea9b08 1 2 12
0x7fcb73ea9abe 1 3 16
0x7fcb73ea9a90 1 6 26
0x7fcb73ea9a88 1 2 8
0x7fcb73ea9954 0 2 13
0x7fcb73ea9941 1 6 19
0x7fcb73ea9917 1 7 42
0x7fcb73ea990e 1 3 9
0x7fcb73ea9905 1 2 9
0x7fcb73ea98ba 1 21 75
0x7fcb73ea98ad 1 4 13
0x7fcb73ea98a0 1 4 13
0x7fcb73ea9992 1 2 8
0x7fcb73ea999a 1 12 73
0x7fcb73ea9a20 1 2 6
0x7fcb73ea9a26 0 3 11
0x7fcb73ea9a31 0 4 12
0x7fcb73ea99e8 5 3 7
0x7fcb73ea99ef 5 3 7
0x7fcb73ea99f6 4 4 12
0x7fcb73ea9a02 0 5 15
0x7fcb73ea9a11 1 6 21
0x7fcb73ea9a26 0 3 11
0x7fcb73ea9a31 0 4 12
0x7fcb73ea9a08 4 3 9
0x7fcb73ea9a11 4 6 21
0x7fcb73ea9a26 2 3 11
0x7fcb73ea9a31 25 4 12
0x7fcb73ea9a0b 25 2 6
0x7fcb73ea9a11 24 6 21
0x7fcb73ea9a26 23 3 11
0x7fcb73ea9a40 1 3 13
0x7fcb73ea9a4d 1 7 32
0x7fcb73ea9974 1 8 30
0x7fcb73ea996c 1 2 8
0x7fcb73ea9961 1 4 11
0x7fcb73ea9954 1 2 13
0x7fcb73ea9ae0 0 8 34
0x7fcb73ea9ace 0 3 18
0x7fcb73ea9c69 0 2 5
0x7fcb73ea9c58 0 3 17
0x7fcb73ea9c4c 8 4 12
0x7fcb73ea9c69 0 2 5
0x7fcb73ea9b20 1 19 67
0x7fcb73ea9b63 1 3 10
0x7fcb73ea9b6d 0 8 47
0x7fcb73ea9b63 111 3 10
0x7fcb73ea9c58 0 3 17
0x7fcb73ea9b6d 1 8 47
0x7fcb73eaa010 1 9 20
0x7fcb73ea9b9c 1 32 158
0x7fcb73ea9c3a 1 3 9
0x7fcb73ea9d08 1 7 30
0x7fcb73ea9d26 0 1 5
0x7fcb73ea9c30 18 3 10
0x7fcb73ea9c3a 18 3 9
0x7fcb73ea9df0 1 7 30
0x7fcb73ea9e0e 0 1 5
0x7fcb73ea9e60 1 6 26
0x7fcb73ea9e7a 0 1 5
0x7fcb73ea9dc8 1 7 28
0x7fcb73ea9de4 0 1 5
0x7fcb73ea9c48 1 5 16
0x7fcb73eaa1b0 1 6 28
0x7fcb73ea9ee3 1 2 12
0x7fcb73ea9ed7 1 2 12
0x7fcb73ea9ec5 1 3 18
0x7fcb73ea9eb1 1 4 20
0x7fcb73ea9eaa 1 2 7
0x7fcb73ea9d75 0 1 5
0x7fcb73ea9d58 1 7 29
0x7fcb73ea9d99 0 1 5
0x7fcb73ea9d80 1 6 25
0x7fcb73ea9e5a 0 1 5
0x7fcb73ea9e40 1 6 26
0x7fcb73ea9c83 1 3 14
0x7fcb73ea9e94 0 1 5
0x7fcb73ea9e80 1 5 20
0x7fcb73ea9c91 1 4 19
0x7fcb73ea9ca4 1 4 19
0x7fcb73ea9cb7 1 4 17
0x7fcb73ea9cc8 0 4 19
0x7fcb73ea9cdb 0 4 23
0x7fcb73ea9cd4 1 2 7
0x7fcb73ea9cdb 1 4 23
0x7fcb73ea9ea5 1 1 5
0x7fcb73ea9cf2 1 3 16
0x7fcb73eaa0e9 0 2 8
0x7fcb73ea9c69 1 2 5
0x7fcb73eaa2d0 1 2 12
0x7fcb73ea9c6e 0 3 9
0x7fcb73eaa130 1 3 16
0x7fcb73eaa140 1 4 22
0x7fcb73eaa156 1 4 22
0x7fcb73eaa16c 1 2 9
0x7fcb73eaa100 1 2 12
0x7fcb73ea9fca 1 1 5
0x7fcb73ea9c69 0 2 5
0x7fcb73ea9c60 1 2 9
0x7fcb73ea9d30 1 7 30
0x7fcb73ea9fcf 1 3 14
0x7fcb73ea9e32 1 1 5
0x7fcb73ea9e18 1 6 26
0x7fcb73ea9d4e 0 1 5
0x7fcb73ea9fdd 1 3 16
0x7fcb73ea9fed 1 3 14
0x7fcb73ea9ffb 1 5 21
0x7fcb73ea9c6e 1 3 9
0x7fcb73ea9c77 1 3 12
0x7fcb73eaa1cc 1 3 9
0x7fcb73eaa1d5 0 4 17
0x7fcb73eaa1e6 0 10 45
0x7fcb73eaa239 1 7 26
0x7fcb73eaa253 1 4 16
0x7fcb73eaa263 1 3 15
0x7fcb73eaa272 1 4 16
0x7fcb73eaa282 1 1 2
0x7fcb73eaa2c3 1 3 8
0x7fcb73eaa2cb 1 1 5
0x7fcb73eaa1e1 1 2 5
0x7fcb73eaa1e6 1 10 45
0x7fcb73eaa0db 0 3 14
0x7fcb73eaa0d0 1 3 11
0x7fcb73ea9fca 0 1 5
0x7fcb73ea9fbe 0 3 12
0x7fcb73ea9f9a 1 5 36
0x7fcb73ea9f0e 1 3 11
0x7fcb73ea9f19 1 3 15
0x7fcb73ea9f28 1 8 45
0x7fcb73ea9f55 1 4 15
0x7fcb73ea9f7f 1 6 27
0x7fcb73ea9f64 1 6 27
0x7fcb73eaa2e0 1 1 2
0x7fcb73eaa532 1 6 15
0x7fcb73eaa527 1 3 11
0x7fcb73eaa511 1 6 22
0x7fcb73eaa470 1 7 27
0x7fcb73eaa48b 1 4 24
0x7fcb73eaa4d9 1 2 9
0x7fcb73eaa4c6 1 6 19
0x7fcb73eaa4c1 2 2 5
0x7fcb73eaa4b0 2 4 17
0x7fcb73eaa4d9 0 2 9
0x7fcb73eaa4c6 0 6 19
0x7fcb73eaa4c1 1 2 5
0x7fcb73eaa4a3 1 3 9
0x7fcb73eaa660 112 4 12
0x7fcb73eaa677 0 2 6
0x7fcb73eaa690 1 1 2
0x7fcb73eaa671 1 2 6
0x7fcb73eaa66c 111 2 5
0x7fcb73eaa671 11 2 6
0x7fcb73eaa66c 1 2 5
0x7fcb73eaa65b 0 1 2
0x7fcb73eaa650 1 4 11
0x7fcb73eaa774 1 9 35
0x7fcb73eaa774 0 9 35
0x7fcb73eaa76b 0 2 9
0x7fcb73eaa74e 1 9 29
0x7fcb73eaa7d8 11 4 18
0x7fcb73eaa73f 11 4 15
0x7fcb73eaa710 12 3 16
0x7fcb73eaa720 12 7 31
0x7fcb73eaa74e 0 9 29
0x7fcb73eaa73f 1 4 15
0x7fcb73eaa710 6 3 16
0x7fcb73eaa720 5 7 31
0x7fcb73eaa73f 5 4 15
0x7fcb73eaa7f0 1 7 37
0x7fcb73eaa727 1 6 24
0x7fcb73eaa7d8 6 4 18
0x7fcb73eaa7ad 1 10 38
0x7fcb73eaa7a1 1 3 12
0x7fcb73eaa797 1 2 10
0x7fcb73eaa85c 2 1 5
0x7fcb73eaa85c 0 1 5
0x7fcb73eaa857 0 2 5
0x7fcb73eaa85c 7 1 5
0x7fcb73eaa85c 0 1 5
0x7fcb73eaa857 0 2 5
0x7fcb73eaa840 7 7 23
0x7fcb73eaa840 2 7 23
0x7fcb73eaaeb1 2 4 15
0x7fcb73eaaead 2 2 4
0x7fcb73eaae50 2 19 93
0x7fcb73eaaec0 2 12 54
0x7fcb73eaaf20 1 9 43
0x7fcb73eaaf4b 1 6 21
0x7fcb73eab0d0 1 3 9
0x7fcb73eab0d9 1 3 11
0x7fcb73eab0e4 1 4 14
0x7fcb73eab0f2 1 1 2
0x7fcb73eab151 1 2 6
0x7fcb73eab13f 0 2 7
0x7fcb73eab120 1 7 21
0x7fcb73eab157 0 1 2
0x7fcb73eab159 0 5 13
0x7fcb73eab135 1 3 10
0x7fcb73eab177 1 5 10
0x7fcb73eabdb2 2 2 8
0x7fcb73eabdba 2 1 2
0x7fcb73eabda5 2 4 13
0x7fcb73eabda0 2 2 5
0x7fcb73eabe20 2 3 11
0x7fcb73eabe2b 2 5 17
0x7fcb73eabe58 2 1 2
0x7fcb73eabe50 2 2 8
0x7fcb73eabe3c 2 5 20
0x7fcb73eabeaf 1 1 2
0x7fcb73eabea7 1 2 8
0x7fcb73eabea0 1 3 7
0x7fcb73eabf30 1 3 10
0x7fcb73eabf3a 1 2 8
0x7fcb73eabf42 0 1 2
0x7fcb73eabf48 1 4 14
0x7fcb73eabffa 2 2 8
0x7fcb73eabff0 2 3 10
0x7fcb73eac002 2 1 2
0x7fcb73eac020 5 2 9
0x7fcb73eac029 5 14 33
0x7fcb73eac04a 2 8 25
0x7fcb73eac098 3 2 5
0x7fcb73eac09d 1 2 9
0x7fcb73eac0a6 0 9 27
0x7fcb73eac04a 3 8 25
0x7fcb73eac063 5 2 8
0x7fcb73eac06b 5 7 11
0x7fcb73eac100 1 2 7
0x7fcb73eac107 1 2 8
0x7fcb73eac10f 1 1 1
0x7fcb73eac120 4 2 7
0x7fcb73eac127 4 2 8
0x7fcb73eac12f 4 1 1
0x7fcb73eac1c0 2 20 80
0x7fcb73eac45a 1 2 5
0x7fcb73eac45f 1 7 20
0x7fcb73eac440 1 5 14
0x7fcb73eac44e 1 3 12
0x7fcb73ead885 2 4 13
0x7fcb73eac503 22 6 25
0x7fcb73ead380 5 12 48
0x7fcb73ead3b0 0 10 58
0x7fcb73ead3ea 0 12 56
0x7fcb73eac4d8 6 10 34
0x7fcb73eac4e0 96 8 26
0x7fcb73eac490 167 6 17
0x7fcb73eac4a1 85 2 5
0x7fcb73eac4a6 71 11 50
0x7fcb73ead8a0 154 5 15
0x7fcb73ead892 0 7 29
0x7fcb73eac490 13 6 17
0x7fcb73eac4a1 10 2 5
0x7fcb73eac4a6 6 11 50
0x7fcb73eac4e0 7 8 26
0x7fcb73eac4fa 7 1 2
0x7fcb73eac4fc 1 9 32
0x7fcb73eac503 6 6 25
0x7fcb73ead740 1 12 48
0x7fcb73ead770 0 10 58
0x7fcb73ead7aa 0 12 56
0x7fcb73ead2aa 3 12 56
0x7fcb73ead270 3 10 58
0x7fcb73ead240 5 12 48
0x7fcb73eac4fc 2 9 32
0x7fcb73eac4fa 6 1 2
0x7fcb73eac9ea 1 12 56
0x7fcb73ead4c0 1 12 48
0x7fcb73ead4f0 1 10 58
0x7fcb73ead52a 1 12 56
0x7fcb73eac840 1 12 48
0x7fcb73eac870 0 10 58
0x7fcb73eac8aa 0 12 56
0x7fcb73eacac0 5 12 48
0x7fcb73ead02a 2 12 56
0x7fcb73eacff0 2 10 58
0x7fcb73eacfc0 2 12 48
0x7fcb73ead380 1 12 48
0x7fcb73ead3b0 0 10 58
0x7fcb73ead3ea 0 12 56
0x7fcb73ead16a 0 12 56
0x7fcb73ead130 0 10 58
0x7fcb73ead100 1 12 48
0x7fcb73ead328 0 3 13
0x7fcb73ead2f0 1 12 56
0x7fcb73ead2e2 1 4 14
0x7fcb73eacaf0 5 10 58
0x7fcb73eacb2a 5 12 56
0x7fcb73eacdaa 1 12 56
0x7fcb73eacd70 1 10 58
0x7fcb73eacd40 1 12 48
0x7fcb73ead880 22 5 18
0x7fcb73ead892 8 7 29
0x7fcb73eac4fa 29 1 2
0x7fcb73eac4fc 11 9 32
0x7fcb73ead740 6 12 48
0x7fcb73ead770 3 10 58
0x7fcb73ead7aa 3 12 56
0x7fcb73ead885 80 4 13
0x7fcb73ead892 5 7 29
0x7fcb73ead2aa 3 12 56
0x7fcb73ead270 3 10 58
0x7fcb73ead240 3 12 48
0x7fcb73ead892 1 7 29
0x7fcb73ead880 5 5 18
0x7fcb73eacc6a 1 12 56
0x7fcb73eacc30 1 10 58
0x7fcb73eacc00 1 12 48
0x7fcb73ead8a0 12 5 15
0x7fcb73eac520 67 10 39
0x7fcb73eac547 0 12 63
0x7fcb73eac586 0 9 42
0x7fcb73ead740 8 12 48
0x7fcb73ead770 7 10 58
0x7fcb73ead7aa 7 12 56
0x7fcb73eac980 1 12 48
0x7fcb73eac9b0 1 10 58
0x7fcb73eae360 1 6 21
0x7fcb73eae31a 0 23 90
0x7fcb73eae243 2 6 20
0x7fcb73eae223 3 9 32
0x7fcb73eae200 3 8 35
0x7fcb73eae2ba 0 23 96
0x7fcb73eae258 1 24 98
0x7fcb73eae45a 3 18 72
0x7fcb73eae4a2 3 2 5
0x7fcb73eae420 5 9 38
0x7fcb73eae456 5 2 4
0x7fcb73eae446 5 5 16
0x7fcb73eae420 5 9 38
0x7fcb73eae456 2 2 4
0x7fcb73eae446 5 5 16
0x7fcb73eae960 5 3 8
0x7fcb73eae960 2 3 8
0x7fcb73eae995 0 2 5
0x7fcb73eae9b8 3 5 13
0x7fcb73eae990 1 2 5
0x7fcb73eae979 5 2 6
0x7fcb73eae97f 5 5 17
0x7fcb73eae9a1 2 3 6
0x7fcb73eae99f 2 1 2
0x7fcb73eae99a 4 2 5
0x7fcb73eae995 7 2 5
0x7fcb73eae990 7 2 5
0x7fcb73eae97f 1 5 17
0x7fcb73eae979 1 2 6
0x7fcb73eae970 3 3 9
0x7fcb73eae979 2 2 6
0x7fcb73eae97f 2 5 17
0x7fcb73eae973 2 2 6
0x7fcb73eae973 5 2 6
0x7fcb73eae979 0 2 6
0x7fcb73eae97f 0 5 17
0x7fcb73eae9c5 2 5 17
0x7fcb73eae970 6 3 9
0x7fcb73eae9a7 1 5 17
0x7fcb73eae99a 0 2 5
0x7fcb73eaeb7f 2 2 6
0x7fcb73eaeb9b 2 14 63
0x7fcb73eaebda 2 7 28
0x7fcb73eaeb85 0 5 22
0x7fcb73eaebf6 1 1 2
0x7fcb73eaeb74 0 3 11
0x7fcb73eaeb6e 2 2 6
0x7fcb73eaeb50 4 7 30
0x7fcb73eaebda 42 7 28
0x7fcb73eaebf6 1 1 2
0x7fcb73eaebf8 2 3 10
0x7fcb73eaec02 2 2 5
0x7fcb73eaec07 1 2 5
0x7fcb73eaec1a 1 3 7
0x7fcb73eaec21 1 3 9
0x7fcb73eaec21 1 3 9
0x7fcb73eaec1a 2 3 7
0x7fcb73eaec07 1 2 5
0x7fcb73eaec02 3 2 5
0x7fcb73eaeb50 3 7 30
0x7fcb73eaeb6e 0 2 6
0x7fcb73eaeb74 0 3 11
0x7fcb73eaebf8 3 3 10
# $eof
